<?xml version="1.0" encoding="utf-8" standalone="no"?>
<test-results xmlns:xsi="http://www.w3.org/2001/XMLSchema-instance" xsi:noNamespaceSchemaLocation="nunit_schema_2.5.xsd" name="Pester" total="115" errors="0" failures="0" not-run="0" inconclusive="0" ignored="0" skipped="0" invalid="0" date="2019-01-22" time="05:43:25">
  <environment user="appveyor" machine-name="APPVYR-WIN" cwd="C:\projects\latestupdate" user-domain="APPVYR-WIN" platform="Microsoft Windows Server 2012 R2 Datacenter|C:\windows|\Device\Harddisk0\Partition5" nunit-version="2.5.8.0" os-version="6.3.9600" clr-version="4.0.30319.42000" />
  <culture-info current-culture="en-US" current-uiculture="en-US" />
  <test-suite type="TestFixture" name="Pester" executed="True" result="Success" success="True" time="135.6677" asserts="0" description="Pester">
    <results>
      <test-suite type="TestFixture" name="C:\projects\latestupdate\tests\Main.Tests.ps1" executed="True" result="Success" success="True" time="9.8396" asserts="0" description="C:\projects\latestupdate\tests\Main.Tests.ps1">
        <results>
          <test-suite type="TestFixture" name="General project validation" executed="True" result="Success" success="True" time="9.0383" asserts="0" description="General project validation">
            <results>
              <test-suite type="ParameterizedTest" name="General project validation.Script &lt;file&gt; should be valid PowerShell" executed="True" result="Success" success="True" time="0.4881" asserts="0" description="Script &lt;file&gt; should be valid PowerShell">
                <results>
                  <test-case description="Script C:\projects\latestupdate\LatestUpdate\Private\Get-KbUpdateArray.ps1 should be valid PowerShell" name="General project validation.Script C:\projects\latestupdate\LatestUpdate\Private\Get-KbUpdateArray.ps1 should be valid PowerShell" time="0.3041" asserts="0" success="True" result="Success" executed="True" />
                  <test-case description="Script C:\projects\latestupdate\LatestUpdate\Private\Get-RxString.ps1 should be valid PowerShell" name="General project validation.Script C:\projects\latestupdate\LatestUpdate\Private\Get-RxString.ps1 should be valid PowerShell" time="0.0066" asserts="0" success="True" result="Success" executed="True" />
                  <test-case description="Script C:\projects\latestupdate\LatestUpdate\Private\Get-UpdateCatalogLink.ps1 should be valid PowerShell" name="General project validation.Script C:\projects\latestupdate\LatestUpdate\Private\Get-UpdateCatalogLink.ps1 should be valid PowerShell" time="0.0056" asserts="0" success="True" result="Success" executed="True" />
                  <test-case description="Script C:\projects\latestupdate\LatestUpdate\Private\Get-UpdateDownloadArray.ps1 should be valid PowerShell" name="General project validation.Script C:\projects\latestupdate\LatestUpdate\Private\Get-UpdateDownloadArray.ps1 should be valid PowerShell" time="0.0061" asserts="0" success="True" result="Success" executed="True" />
                  <test-case description="Script C:\projects\latestupdate\LatestUpdate\Private\Get-UpdateFeed.ps1 should be valid PowerShell" name="General project validation.Script C:\projects\latestupdate\LatestUpdate\Private\Get-UpdateFeed.ps1 should be valid PowerShell" time="0.0121" asserts="0" success="True" result="Success" executed="True" />
                  <test-case description="Script C:\projects\latestupdate\LatestUpdate\Private\Get-ValidPath.ps1 should be valid PowerShell" name="General project validation.Script C:\projects\latestupdate\LatestUpdate\Private\Get-ValidPath.ps1 should be valid PowerShell" time="0.0114" asserts="0" success="True" result="Success" executed="True" />
                  <test-case description="Script C:\projects\latestupdate\LatestUpdate\Private\Import-MdtModule.ps1 should be valid PowerShell" name="General project validation.Script C:\projects\latestupdate\LatestUpdate\Private\Import-MdtModule.ps1 should be valid PowerShell" time="0.0121" asserts="0" success="True" result="Success" executed="True" />
                  <test-case description="Script C:\projects\latestupdate\LatestUpdate\Private\New-MdtDrive.ps1 should be valid PowerShell" name="General project validation.Script C:\projects\latestupdate\LatestUpdate\Private\New-MdtDrive.ps1 should be valid PowerShell" time="0.0064" asserts="0" success="True" result="Success" executed="True" />
                  <test-case description="Script C:\projects\latestupdate\LatestUpdate\Private\New-MdtPackagesFolder.ps1 should be valid PowerShell" name="General project validation.Script C:\projects\latestupdate\LatestUpdate\Private\New-MdtPackagesFolder.ps1 should be valid PowerShell" time="0.0068" asserts="0" success="True" result="Success" executed="True" />
                  <test-case description="Script C:\projects\latestupdate\LatestUpdate\Private\Remove-MdtDrive.ps1 should be valid PowerShell" name="General project validation.Script C:\projects\latestupdate\LatestUpdate\Private\Remove-MdtDrive.ps1 should be valid PowerShell" time="0.0088" asserts="0" success="True" result="Success" executed="True" />
                  <test-case description="Script C:\projects\latestupdate\LatestUpdate\Private\Select-LatestUpdate.ps1 should be valid PowerShell" name="General project validation.Script C:\projects\latestupdate\LatestUpdate\Private\Select-LatestUpdate.ps1 should be valid PowerShell" time="0.0263" asserts="0" success="True" result="Success" executed="True" />
                  <test-case description="Script C:\projects\latestupdate\LatestUpdate\Private\Select-UniqueUrl.ps1 should be valid PowerShell" name="General project validation.Script C:\projects\latestupdate\LatestUpdate\Private\Select-UniqueUrl.ps1 should be valid PowerShell" time="0.0054" asserts="0" success="True" result="Success" executed="True" />
                  <test-case description="Script C:\projects\latestupdate\LatestUpdate\Private\Test-PSCore.ps1 should be valid PowerShell" name="General project validation.Script C:\projects\latestupdate\LatestUpdate\Private\Test-PSCore.ps1 should be valid PowerShell" time="0.0056" asserts="0" success="True" result="Success" executed="True" />
                  <test-case description="Script C:\projects\latestupdate\LatestUpdate\Public\Get-LatestFlash.ps1 should be valid PowerShell" name="General project validation.Script C:\projects\latestupdate\LatestUpdate\Public\Get-LatestFlash.ps1 should be valid PowerShell" time="0.0127" asserts="0" success="True" result="Success" executed="True" />
                  <test-case description="Script C:\projects\latestupdate\LatestUpdate\Public\Get-LatestServicingStack.ps1 should be valid PowerShell" name="General project validation.Script C:\projects\latestupdate\LatestUpdate\Public\Get-LatestServicingStack.ps1 should be valid PowerShell" time="0.0064" asserts="0" success="True" result="Success" executed="True" />
                  <test-case description="Script C:\projects\latestupdate\LatestUpdate\Public\Get-LatestUpdate.ps1 should be valid PowerShell" name="General project validation.Script C:\projects\latestupdate\LatestUpdate\Public\Get-LatestUpdate.ps1 should be valid PowerShell" time="0.0074" asserts="0" success="True" result="Success" executed="True" />
                  <test-case description="Script C:\projects\latestupdate\LatestUpdate\Public\Import-LatestUpdate.ps1 should be valid PowerShell" name="General project validation.Script C:\projects\latestupdate\LatestUpdate\Public\Import-LatestUpdate.ps1 should be valid PowerShell" time="0.0257" asserts="0" success="True" result="Success" executed="True" />
                  <test-case description="Script C:\projects\latestupdate\LatestUpdate\Public\Save-LatestUpdate.ps1 should be valid PowerShell" name="General project validation.Script C:\projects\latestupdate\LatestUpdate\Public\Save-LatestUpdate.ps1 should be valid PowerShell" time="0.01" asserts="0" success="True" result="Success" executed="True" />
                  <test-case description="Script C:\projects\latestupdate\LatestUpdate\LatestUpdate.psm1 should be valid PowerShell" name="General project validation.Script C:\projects\latestupdate\LatestUpdate\LatestUpdate.psm1 should be valid PowerShell" time="0.0088" asserts="0" success="True" result="Success" executed="True" />
                </results>
              </test-suite>
              <test-suite type="ParameterizedTest" name="General project validation.&lt;file&gt; should pass ScriptAnalyzer" executed="True" result="Success" success="True" time="6.3767" asserts="0" description="&lt;file&gt; should pass ScriptAnalyzer">
                <results>
                  <test-case description="C:\projects\latestupdate\LatestUpdate\Private\Get-KbUpdateArray.ps1 should pass ScriptAnalyzer" name="General project validation.C:\projects\latestupdate\LatestUpdate\Private\Get-KbUpdateArray.ps1 should pass ScriptAnalyzer" time="0.771" asserts="0" success="True" result="Success" executed="True" />
                  <test-case description="C:\projects\latestupdate\LatestUpdate\Private\Get-RxString.ps1 should pass ScriptAnalyzer" name="General project validation.C:\projects\latestupdate\LatestUpdate\Private\Get-RxString.ps1 should pass ScriptAnalyzer" time="0.0795" asserts="0" success="True" result="Success" executed="True" />
                  <test-case description="C:\projects\latestupdate\LatestUpdate\Private\Get-UpdateCatalogLink.ps1 should pass ScriptAnalyzer" name="General project validation.C:\projects\latestupdate\LatestUpdate\Private\Get-UpdateCatalogLink.ps1 should pass ScriptAnalyzer" time="0.1585" asserts="0" success="True" result="Success" executed="True" />
                  <test-case description="C:\projects\latestupdate\LatestUpdate\Private\Get-UpdateDownloadArray.ps1 should pass ScriptAnalyzer" name="General project validation.C:\projects\latestupdate\LatestUpdate\Private\Get-UpdateDownloadArray.ps1 should pass ScriptAnalyzer" time="0.8571" asserts="0" success="True" result="Success" executed="True" />
                  <test-case description="C:\projects\latestupdate\LatestUpdate\Private\Get-UpdateFeed.ps1 should pass ScriptAnalyzer" name="General project validation.C:\projects\latestupdate\LatestUpdate\Private\Get-UpdateFeed.ps1 should pass ScriptAnalyzer" time="0.4048" asserts="0" success="True" result="Success" executed="True" />
                  <test-case description="C:\projects\latestupdate\LatestUpdate\Private\Get-ValidPath.ps1 should pass ScriptAnalyzer" name="General project validation.C:\projects\latestupdate\LatestUpdate\Private\Get-ValidPath.ps1 should pass ScriptAnalyzer" time="0.1546" asserts="0" success="True" result="Success" executed="True" />
                  <test-case description="C:\projects\latestupdate\LatestUpdate\Private\Import-MdtModule.ps1 should pass ScriptAnalyzer" name="General project validation.C:\projects\latestupdate\LatestUpdate\Private\Import-MdtModule.ps1 should pass ScriptAnalyzer" time="0.3757" asserts="0" success="True" result="Success" executed="True" />
                  <test-case description="C:\projects\latestupdate\LatestUpdate\Private\New-MdtDrive.ps1 should pass ScriptAnalyzer" name="General project validation.C:\projects\latestupdate\LatestUpdate\Private\New-MdtDrive.ps1 should pass ScriptAnalyzer" time="0.554" asserts="0" success="True" result="Success" executed="True" />
                  <test-case description="C:\projects\latestupdate\LatestUpdate\Private\New-MdtPackagesFolder.ps1 should pass ScriptAnalyzer" name="General project validation.C:\projects\latestupdate\LatestUpdate\Private\New-MdtPackagesFolder.ps1 should pass ScriptAnalyzer" time="0.1224" asserts="0" success="True" result="Success" executed="True" />
                  <test-case description="C:\projects\latestupdate\LatestUpdate\Private\Remove-MdtDrive.ps1 should pass ScriptAnalyzer" name="General project validation.C:\projects\latestupdate\LatestUpdate\Private\Remove-MdtDrive.ps1 should pass ScriptAnalyzer" time="0.2003" asserts="0" success="True" result="Success" executed="True" />
                  <test-case description="C:\projects\latestupdate\LatestUpdate\Private\Select-LatestUpdate.ps1 should pass ScriptAnalyzer" name="General project validation.C:\projects\latestupdate\LatestUpdate\Private\Select-LatestUpdate.ps1 should pass ScriptAnalyzer" time="0.1207" asserts="0" success="True" result="Success" executed="True" />
                  <test-case description="C:\projects\latestupdate\LatestUpdate\Private\Select-UniqueUrl.ps1 should pass ScriptAnalyzer" name="General project validation.C:\projects\latestupdate\LatestUpdate\Private\Select-UniqueUrl.ps1 should pass ScriptAnalyzer" time="0.0376" asserts="0" success="True" result="Success" executed="True" />
                  <test-case description="C:\projects\latestupdate\LatestUpdate\Private\Test-PSCore.ps1 should pass ScriptAnalyzer" name="General project validation.C:\projects\latestupdate\LatestUpdate\Private\Test-PSCore.ps1 should pass ScriptAnalyzer" time="0.1069" asserts="0" success="True" result="Success" executed="True" />
                  <test-case description="C:\projects\latestupdate\LatestUpdate\Public\Get-LatestFlash.ps1 should pass ScriptAnalyzer" name="General project validation.C:\projects\latestupdate\LatestUpdate\Public\Get-LatestFlash.ps1 should pass ScriptAnalyzer" time="0.6732" asserts="0" success="True" result="Success" executed="True" />
                  <test-case description="C:\projects\latestupdate\LatestUpdate\Public\Get-LatestServicingStack.ps1 should pass ScriptAnalyzer" name="General project validation.C:\projects\latestupdate\LatestUpdate\Public\Get-LatestServicingStack.ps1 should pass ScriptAnalyzer" time="0.3588" asserts="0" success="True" result="Success" executed="True" />
                  <test-case description="C:\projects\latestupdate\LatestUpdate\Public\Get-LatestUpdate.ps1 should pass ScriptAnalyzer" name="General project validation.C:\projects\latestupdate\LatestUpdate\Public\Get-LatestUpdate.ps1 should pass ScriptAnalyzer" time="0.3084" asserts="0" success="True" result="Success" executed="True" />
                  <test-case description="C:\projects\latestupdate\LatestUpdate\Public\Import-LatestUpdate.ps1 should pass ScriptAnalyzer" name="General project validation.C:\projects\latestupdate\LatestUpdate\Public\Import-LatestUpdate.ps1 should pass ScriptAnalyzer" time="0.7531" asserts="0" success="True" result="Success" executed="True" />
                  <test-case description="C:\projects\latestupdate\LatestUpdate\Public\Save-LatestUpdate.ps1 should pass ScriptAnalyzer" name="General project validation.C:\projects\latestupdate\LatestUpdate\Public\Save-LatestUpdate.ps1 should pass ScriptAnalyzer" time="0.2991" asserts="0" success="True" result="Success" executed="True" />
                  <test-case description="C:\projects\latestupdate\LatestUpdate\LatestUpdate.psm1 should pass ScriptAnalyzer" name="General project validation.C:\projects\latestupdate\LatestUpdate\LatestUpdate.psm1 should pass ScriptAnalyzer" time="0.041" asserts="0" success="True" result="Success" executed="True" />
                </results>
              </test-suite>
            </results>
          </test-suite>
          <test-suite type="TestFixture" name="Function validation" executed="True" result="Success" success="True" time="0.616" asserts="0" description="Function validation">
            <results>
              <test-suite type="ParameterizedTest" name="Function validation.Script &lt;file&gt; should only contain one function" executed="True" result="Success" success="True" time="0.1758" asserts="0" description="Script &lt;file&gt; should only contain one function">
                <results>
                  <test-case description="Script C:\projects\latestupdate\LatestUpdate\Private\Get-KbUpdateArray.ps1 should only contain one function" name="Function validation.Script C:\projects\latestupdate\LatestUpdate\Private\Get-KbUpdateArray.ps1 should only contain one function" time="0.0401" asserts="0" success="True" result="Success" executed="True" />
                  <test-case description="Script C:\projects\latestupdate\LatestUpdate\Private\Get-RxString.ps1 should only contain one function" name="Function validation.Script C:\projects\latestupdate\LatestUpdate\Private\Get-RxString.ps1 should only contain one function" time="0.0064" asserts="0" success="True" result="Success" executed="True" />
                  <test-case description="Script C:\projects\latestupdate\LatestUpdate\Private\Get-UpdateCatalogLink.ps1 should only contain one function" name="Function validation.Script C:\projects\latestupdate\LatestUpdate\Private\Get-UpdateCatalogLink.ps1 should only contain one function" time="0.0093" asserts="0" success="True" result="Success" executed="True" />
                  <test-case description="Script C:\projects\latestupdate\LatestUpdate\Private\Get-UpdateDownloadArray.ps1 should only contain one function" name="Function validation.Script C:\projects\latestupdate\LatestUpdate\Private\Get-UpdateDownloadArray.ps1 should only contain one function" time="0.0073" asserts="0" success="True" result="Success" executed="True" />
                  <test-case description="Script C:\projects\latestupdate\LatestUpdate\Private\Get-UpdateFeed.ps1 should only contain one function" name="Function validation.Script C:\projects\latestupdate\LatestUpdate\Private\Get-UpdateFeed.ps1 should only contain one function" time="0.0061" asserts="0" success="True" result="Success" executed="True" />
                  <test-case description="Script C:\projects\latestupdate\LatestUpdate\Private\Get-ValidPath.ps1 should only contain one function" name="Function validation.Script C:\projects\latestupdate\LatestUpdate\Private\Get-ValidPath.ps1 should only contain one function" time="0.008" asserts="0" success="True" result="Success" executed="True" />
                  <test-case description="Script C:\projects\latestupdate\LatestUpdate\Private\Import-MdtModule.ps1 should only contain one function" name="Function validation.Script C:\projects\latestupdate\LatestUpdate\Private\Import-MdtModule.ps1 should only contain one function" time="0.0066" asserts="0" success="True" result="Success" executed="True" />
                  <test-case description="Script C:\projects\latestupdate\LatestUpdate\Private\New-MdtDrive.ps1 should only contain one function" name="Function validation.Script C:\projects\latestupdate\LatestUpdate\Private\New-MdtDrive.ps1 should only contain one function" time="0.0076" asserts="0" success="True" result="Success" executed="True" />
                  <test-case description="Script C:\projects\latestupdate\LatestUpdate\Private\New-MdtPackagesFolder.ps1 should only contain one function" name="Function validation.Script C:\projects\latestupdate\LatestUpdate\Private\New-MdtPackagesFolder.ps1 should only contain one function" time="0.0087" asserts="0" success="True" result="Success" executed="True" />
                  <test-case description="Script C:\projects\latestupdate\LatestUpdate\Private\Remove-MdtDrive.ps1 should only contain one function" name="Function validation.Script C:\projects\latestupdate\LatestUpdate\Private\Remove-MdtDrive.ps1 should only contain one function" time="0.0066" asserts="0" success="True" result="Success" executed="True" />
                  <test-case description="Script C:\projects\latestupdate\LatestUpdate\Private\Select-LatestUpdate.ps1 should only contain one function" name="Function validation.Script C:\projects\latestupdate\LatestUpdate\Private\Select-LatestUpdate.ps1 should only contain one function" time="0.0081" asserts="0" success="True" result="Success" executed="True" />
                  <test-case description="Script C:\projects\latestupdate\LatestUpdate\Private\Select-UniqueUrl.ps1 should only contain one function" name="Function validation.Script C:\projects\latestupdate\LatestUpdate\Private\Select-UniqueUrl.ps1 should only contain one function" time="0.0097" asserts="0" success="True" result="Success" executed="True" />
                  <test-case description="Script C:\projects\latestupdate\LatestUpdate\Private\Test-PSCore.ps1 should only contain one function" name="Function validation.Script C:\projects\latestupdate\LatestUpdate\Private\Test-PSCore.ps1 should only contain one function" time="0.0064" asserts="0" success="True" result="Success" executed="True" />
                  <test-case description="Script C:\projects\latestupdate\LatestUpdate\Public\Get-LatestFlash.ps1 should only contain one function" name="Function validation.Script C:\projects\latestupdate\LatestUpdate\Public\Get-LatestFlash.ps1 should only contain one function" time="0.008" asserts="0" success="True" result="Success" executed="True" />
                  <test-case description="Script C:\projects\latestupdate\LatestUpdate\Public\Get-LatestServicingStack.ps1 should only contain one function" name="Function validation.Script C:\projects\latestupdate\LatestUpdate\Public\Get-LatestServicingStack.ps1 should only contain one function" time="0.0079" asserts="0" success="True" result="Success" executed="True" />
                  <test-case description="Script C:\projects\latestupdate\LatestUpdate\Public\Get-LatestUpdate.ps1 should only contain one function" name="Function validation.Script C:\projects\latestupdate\LatestUpdate\Public\Get-LatestUpdate.ps1 should only contain one function" time="0.011" asserts="0" success="True" result="Success" executed="True" />
                  <test-case description="Script C:\projects\latestupdate\LatestUpdate\Public\Import-LatestUpdate.ps1 should only contain one function" name="Function validation.Script C:\projects\latestupdate\LatestUpdate\Public\Import-LatestUpdate.ps1 should only contain one function" time="0.0071" asserts="0" success="True" result="Success" executed="True" />
                  <test-case description="Script C:\projects\latestupdate\LatestUpdate\Public\Save-LatestUpdate.ps1 should only contain one function" name="Function validation.Script C:\projects\latestupdate\LatestUpdate\Public\Save-LatestUpdate.ps1 should only contain one function" time="0.0108" asserts="0" success="True" result="Success" executed="True" />
                </results>
              </test-suite>
              <test-suite type="ParameterizedTest" name="Function validation.&lt;file&gt; should match function name" executed="True" result="Success" success="True" time="0.1538" asserts="0" description="&lt;file&gt; should match function name">
                <results>
                  <test-case description="C:\projects\latestupdate\LatestUpdate\Private\Get-KbUpdateArray.ps1 should match function name" name="Function validation.C:\projects\latestupdate\LatestUpdate\Private\Get-KbUpdateArray.ps1 should match function name" time="0.0182" asserts="0" success="True" result="Success" executed="True" />
                  <test-case description="C:\projects\latestupdate\LatestUpdate\Private\Get-RxString.ps1 should match function name" name="Function validation.C:\projects\latestupdate\LatestUpdate\Private\Get-RxString.ps1 should match function name" time="0.0113" asserts="0" success="True" result="Success" executed="True" />
                  <test-case description="C:\projects\latestupdate\LatestUpdate\Private\Get-UpdateCatalogLink.ps1 should match function name" name="Function validation.C:\projects\latestupdate\LatestUpdate\Private\Get-UpdateCatalogLink.ps1 should match function name" time="0.0071" asserts="0" success="True" result="Success" executed="True" />
                  <test-case description="C:\projects\latestupdate\LatestUpdate\Private\Get-UpdateDownloadArray.ps1 should match function name" name="Function validation.C:\projects\latestupdate\LatestUpdate\Private\Get-UpdateDownloadArray.ps1 should match function name" time="0.006" asserts="0" success="True" result="Success" executed="True" />
                  <test-case description="C:\projects\latestupdate\LatestUpdate\Private\Get-UpdateFeed.ps1 should match function name" name="Function validation.C:\projects\latestupdate\LatestUpdate\Private\Get-UpdateFeed.ps1 should match function name" time="0.0091" asserts="0" success="True" result="Success" executed="True" />
                  <test-case description="C:\projects\latestupdate\LatestUpdate\Private\Get-ValidPath.ps1 should match function name" name="Function validation.C:\projects\latestupdate\LatestUpdate\Private\Get-ValidPath.ps1 should match function name" time="0.0071" asserts="0" success="True" result="Success" executed="True" />
                  <test-case description="C:\projects\latestupdate\LatestUpdate\Private\Import-MdtModule.ps1 should match function name" name="Function validation.C:\projects\latestupdate\LatestUpdate\Private\Import-MdtModule.ps1 should match function name" time="0.0052" asserts="0" success="True" result="Success" executed="True" />
                  <test-case description="C:\projects\latestupdate\LatestUpdate\Private\New-MdtDrive.ps1 should match function name" name="Function validation.C:\projects\latestupdate\LatestUpdate\Private\New-MdtDrive.ps1 should match function name" time="0.0097" asserts="0" success="True" result="Success" executed="True" />
                  <test-case description="C:\projects\latestupdate\LatestUpdate\Private\New-MdtPackagesFolder.ps1 should match function name" name="Function validation.C:\projects\latestupdate\LatestUpdate\Private\New-MdtPackagesFolder.ps1 should match function name" time="0.0065" asserts="0" success="True" result="Success" executed="True" />
                  <test-case description="C:\projects\latestupdate\LatestUpdate\Private\Remove-MdtDrive.ps1 should match function name" name="Function validation.C:\projects\latestupdate\LatestUpdate\Private\Remove-MdtDrive.ps1 should match function name" time="0.0058" asserts="0" success="True" result="Success" executed="True" />
                  <test-case description="C:\projects\latestupdate\LatestUpdate\Private\Select-LatestUpdate.ps1 should match function name" name="Function validation.C:\projects\latestupdate\LatestUpdate\Private\Select-LatestUpdate.ps1 should match function name" time="0.0121" asserts="0" success="True" result="Success" executed="True" />
                  <test-case description="C:\projects\latestupdate\LatestUpdate\Private\Select-UniqueUrl.ps1 should match function name" name="Function validation.C:\projects\latestupdate\LatestUpdate\Private\Select-UniqueUrl.ps1 should match function name" time="0.0056" asserts="0" success="True" result="Success" executed="True" />
                  <test-case description="C:\projects\latestupdate\LatestUpdate\Private\Test-PSCore.ps1 should match function name" name="Function validation.C:\projects\latestupdate\LatestUpdate\Private\Test-PSCore.ps1 should match function name" time="0.0056" asserts="0" success="True" result="Success" executed="True" />
                  <test-case description="C:\projects\latestupdate\LatestUpdate\Public\Get-LatestFlash.ps1 should match function name" name="Function validation.C:\projects\latestupdate\LatestUpdate\Public\Get-LatestFlash.ps1 should match function name" time="0.0093" asserts="0" success="True" result="Success" executed="True" />
                  <test-case description="C:\projects\latestupdate\LatestUpdate\Public\Get-LatestServicingStack.ps1 should match function name" name="Function validation.C:\projects\latestupdate\LatestUpdate\Public\Get-LatestServicingStack.ps1 should match function name" time="0.0078" asserts="0" success="True" result="Success" executed="True" />
                  <test-case description="C:\projects\latestupdate\LatestUpdate\Public\Get-LatestUpdate.ps1 should match function name" name="Function validation.C:\projects\latestupdate\LatestUpdate\Public\Get-LatestUpdate.ps1 should match function name" time="0.0067" asserts="0" success="True" result="Success" executed="True" />
                  <test-case description="C:\projects\latestupdate\LatestUpdate\Public\Import-LatestUpdate.ps1 should match function name" name="Function validation.C:\projects\latestupdate\LatestUpdate\Public\Import-LatestUpdate.ps1 should match function name" time="0.0125" asserts="0" success="True" result="Success" executed="True" />
                  <test-case description="C:\projects\latestupdate\LatestUpdate\Public\Save-LatestUpdate.ps1 should match function name" name="Function validation.C:\projects\latestupdate\LatestUpdate\Public\Save-LatestUpdate.ps1 should match function name" time="0.0081" asserts="0" success="True" result="Success" executed="True" />
                </results>
              </test-suite>
            </results>
          </test-suite>
        </results>
      </test-suite>
      <test-suite type="TestFixture" name="C:\projects\latestupdate\tests\Module.Tests.ps1" executed="True" result="Success" success="True" time="0.1196" asserts="0" description="C:\projects\latestupdate\tests\Module.Tests.ps1">
        <results>
          <test-suite type="TestFixture" name="Module Metadata Validation" executed="True" result="Success" success="True" time="0.1099" asserts="0" description="Module Metadata Validation">
            <results>
              <test-case description="Script fileinfo should be OK" name="Module Metadata Validation.Script fileinfo should be OK" time="0.0407" asserts="0" success="True" result="Success" executed="True" />
              <test-case description="Import module should be OK" name="Module Metadata Validation.Import module should be OK" time="0.0433" asserts="0" success="True" result="Success" executed="True" />
            </results>
          </test-suite>
        </results>
      </test-suite>
      <test-suite type="TestFixture" name="C:\projects\latestupdate\tests\PrivateFunctions.Tests.ps1" executed="True" result="Success" success="True" time="6.8368" asserts="0" description="C:\projects\latestupdate\tests\PrivateFunctions.Tests.ps1">
        <results>
          <test-suite type="TestFixture" name="Import-MdtModule" executed="True" result="Success" success="True" time="0.9139" asserts="0" description="Import-MdtModule">
            <results>
              <test-suite type="TestFixture" name="Importing the MDT PowerShell module" executed="True" result="Success" success="True" time="0.8827" asserts="0" description="Importing the MDT PowerShell module">
                <results>
                  <test-case description="Imports the MDT PowerShell module and returns True" name="Import-MdtModule.Importing the MDT PowerShell module.Imports the MDT PowerShell module and returns True" time="0.3351" asserts="0" success="True" result="Success" executed="True" />
                </results>
              </test-suite>
            </results>
          </test-suite>
          <test-suite type="TestFixture" name="New-MdtDrive" executed="True" result="Success" success="True" time="0.1144" asserts="0" description="New-MdtDrive">
            <results>
              <test-suite type="TestFixture" name="Creates a new MDT drive" executed="True" result="Success" success="True" time="0.0967" asserts="0" description="Creates a new MDT drive">
                <results>
                  <test-case description="Successfully creates the MDT drive" name="New-MdtDrive.Creates a new MDT drive.Successfully creates the MDT drive" time="0.065" asserts="0" success="True" result="Success" executed="True" />
                </results>
              </test-suite>
            </results>
          </test-suite>
          <test-suite type="TestFixture" name="New-MdtPackagesFolder" executed="True" result="Success" success="True" time="0.1711" asserts="0" description="New-MdtPackagesFolder">
            <results>
              <test-suite type="TestFixture" name="Packages folder exists" executed="True" result="Success" success="True" time="0.0673" asserts="0" description="Packages folder exists">
                <results>
                  <test-case description="Returns True if the Packages folder exists" name="New-MdtPackagesFolder.Packages folder exists.Returns True if the Packages folder exists" time="0.0445" asserts="0" success="True" result="Success" executed="True" />
                </results>
              </test-suite>
              <test-suite type="TestFixture" name="Creates a new Packages folder" executed="True" result="Success" success="True" time="0.0654" asserts="0" description="Creates a new Packages folder">
                <results>
                  <test-case description="Successfully creates a Packages folder" name="New-MdtPackagesFolder.Creates a new Packages folder.Successfully creates a Packages folder" time="0.0334" asserts="0" success="True" result="Success" executed="True" />
                </results>
              </test-suite>
            </results>
          </test-suite>
          <test-suite type="TestFixture" name="Get-ValidPath" executed="True" result="Success" success="True" time="0.0786" asserts="0" description="Get-ValidPath">
            <results>
              <test-suite type="TestFixture" name="Return valid path" executed="True" result="Success" success="True" time="0.0328" asserts="0" description="Return valid path">
                <results>
                  <test-case description="Given a relative path, it returns a fully qualified path" name="Get-ValidPath.Return valid path.Given a relative path, it returns a fully qualified path" time="0.0157" asserts="0" success="True" result="Success" executed="True" />
                </results>
              </test-suite>
              <test-suite type="TestFixture" name="Fix trailing backslash" executed="True" result="Success" success="True" time="0.0254" asserts="0" description="Fix trailing backslash">
                <results>
                  <test-case description="Given a path, it returns a without a trailing backslack" name="Get-ValidPath.Fix trailing backslash.Given a path, it returns a without a trailing backslack" time="0.0072" asserts="0" success="True" result="Success" executed="True" />
                </results>
              </test-suite>
            </results>
          </test-suite>
          <test-suite type="TestFixture" name="Select-LatestUpdate" executed="True" result="Success" success="True" time="0.066" asserts="0" description="Select-LatestUpdate">
            <results>
              <test-suite type="TestFixture" name="Selects the latest update" executed="True" result="Success" success="True" time="0.0494" asserts="0" description="Selects the latest update">
                <results>
                  <test-case description="Given a list of updates, selects the latest one" name="Select-LatestUpdate.Selects the latest update.Given a list of updates, selects the latest one" time="0.0351" asserts="0" success="True" result="Success" executed="True" />
                </results>
              </test-suite>
            </results>
          </test-suite>
          <test-suite type="TestFixture" name="Select-UniqueUrl" executed="True" result="Success" success="True" time="0.0513" asserts="0" description="Select-UniqueUrl">
            <results>
              <test-suite type="TestFixture" name="Select a single update" executed="True" result="Success" success="True" time="0.0324" asserts="0" description="Select a single update">
                <results>
                  <test-case description="Given a list of updates returns a single URL" name="Select-UniqueUrl.Select a single update.Given a list of updates returns a single URL" time="0.0068" asserts="0" success="True" result="Success" executed="True" />
                </results>
              </test-suite>
            </results>
          </test-suite>
          <test-suite type="TestFixture" name="Test-PSCore" executed="True" result="Success" success="True" time="0.0628" asserts="0" description="Test-PSCore">
            <results>
              <test-suite type="TestFixture" name="Tests whether we are running on PowerShell Core" executed="True" result="Success" success="True" time="0.0201" asserts="0" description="Tests whether we are running on PowerShell Core">
                <results>
                  <test-case description="Imports the MDT PowerShell module and returns True" name="Test-PSCore.Tests whether we are running on PowerShell Core.Imports the MDT PowerShell module and returns True" time="0.0032" asserts="0" success="True" result="Success" executed="True" />
                </results>
              </test-suite>
              <test-suite type="TestFixture" name="Tests whether we are running on Windows PowerShell" executed="True" result="Success" success="True" time="0.0219" asserts="0" description="Tests whether we are running on Windows PowerShell">
                <results>
                  <test-case description="Returns False if running Windows PowerShell" name="Test-PSCore.Tests whether we are running on Windows PowerShell.Returns False if running Windows PowerShell" time="0.0067" asserts="0" success="True" result="Success" executed="True" />
                </results>
              </test-suite>
            </results>
          </test-suite>
          <test-suite type="TestFixture" name="Get-UpdateFeed" executed="True" result="Success" success="True" time="0.8736" asserts="0" description="Get-UpdateFeed">
            <results>
              <test-suite type="TestFixture" name="Tests that Get-UpdateFeed returns valid XML" executed="True" result="Success" success="True" time="0.0636" asserts="0" description="Tests that Get-UpdateFeed returns valid XML">
                <results>
                  <test-case description="Returns valid XML" name="Get-UpdateFeed.Tests that Get-UpdateFeed returns valid XML.Returns valid XML" time="0.0435" asserts="0" success="True" result="Success" executed="True" />
                </results>
              </test-suite>
            </results>
          </test-suite>
          <test-suite type="TestFixture" name="Get-UpdateCatalogLink" executed="True" result="Success" success="True" time="0.4925" asserts="0" description="Get-UpdateCatalogLink">
            <results>
              <test-suite type="TestFixture" name="Tests that Get-UpdateCatalogLink returns valid response" executed="True" result="Success" success="True" time="0.0493" asserts="0" description="Tests that Get-UpdateCatalogLink returns valid response">
                <results>
                  <test-case description="Returns valid response" name="Get-UpdateCatalogLink.Tests that Get-UpdateCatalogLink returns valid response.Returns valid response" time="0.0153" asserts="0" success="True" result="Success" executed="True" />
                </results>
              </test-suite>
            </results>
          </test-suite>
          <test-suite type="TestFixture" name="Get-KbUpdateArray" executed="True" result="Success" success="True" time="0.4164" asserts="0" description="Get-KbUpdateArray">
            <results>
              <test-suite type="TestFixture" name="Tests that Get-KbUpdateArray returns a valid array" executed="True" result="Success" success="True" time="0.0706" asserts="0" description="Tests that Get-KbUpdateArray returns a valid array">
                <results>
                  <test-case description="Returns a valid array" name="Get-KbUpdateArray.Tests that Get-KbUpdateArray returns a valid array.Returns a valid array" time="0.0085" asserts="0" success="True" result="Success" executed="True" />
                  <test-case description="Returns an array with valid properties" name="Get-KbUpdateArray.Tests that Get-KbUpdateArray returns a valid array.Returns an array with valid properties" time="0.0417" asserts="0" success="True" result="Success" executed="True" />
                </results>
              </test-suite>
            </results>
          </test-suite>
          <test-suite type="TestFixture" name="Get-UpdateDownloadArray" executed="True" result="Success" success="True" time="3.3785" asserts="0" description="Get-UpdateDownloadArray">
            <results>
              <test-suite type="TestFixture" name="Returns a valid list of Cumulative updates" executed="True" result="Success" success="True" time="0.0628" asserts="0" description="Returns a valid list of Cumulative updates">
                <results>
                  <test-case description="Updates array returned should be of valid type" name="Get-UpdateDownloadArray.Returns a valid list of Cumulative updates.Updates array returned should be of valid type" time="0.0041" asserts="0" success="True" result="Success" executed="True" />
                  <test-case description="Updtes array returned should have a count greater than 0" name="Get-UpdateDownloadArray.Returns a valid list of Cumulative updates.Updtes array returned should have a count greater than 0" time="0.0023" asserts="0" success="True" result="Success" executed="True" />
                  <test-case description="Returns a valid array with expected properties" name="Get-UpdateDownloadArray.Returns a valid list of Cumulative updates.Returns a valid array with expected properties" time="0.028" asserts="0" success="True" result="Success" executed="True" />
                </results>
              </test-suite>
            </results>
          </test-suite>
          <test-suite type="TestFixture" name="Get-RxString" executed="True" result="Success" success="True" time="0.0528" asserts="0" description="Get-RxString">
            <results>
              <test-suite type="TestFixture" name="Returns the expected substring" executed="True" result="Success" success="True" time="0.0276" asserts="0" description="Returns the expected substring">
                <results>
                  <test-case description="Given the string '2018-09-07T17:55:12Z', returns '2018-09-07'" name="Get-RxString.Returns the expected substring.Given the string '2018-09-07T17:55:12Z', returns '2018-09-07'" time="0.0032" asserts="0" success="True" result="Success" executed="True" />
                </results>
              </test-suite>
            </results>
          </test-suite>
        </results>
      </test-suite>
      <test-suite type="TestFixture" name="C:\projects\latestupdate\tests\PublicFunctions.Tests.ps1" executed="True" result="Success" success="True" time="118.8716" asserts="0" description="C:\projects\latestupdate\tests\PublicFunctions.Tests.ps1">
        <results>
          <test-suite type="TestFixture" name="Get-LatestUpdate" executed="True" result="Success" success="True" time="26.2319" asserts="0" description="Get-LatestUpdate">
            <results>
              <test-suite type="TestFixture" name="Returns a valid list of Cumulative or Monthly updates" executed="True" result="Success" success="True" time="3.8608" asserts="0" description="Returns a valid list of Cumulative or Monthly updates">
                <results>
                  <test-case description="Given no arguments, returns an array of updates" name="Get-LatestUpdate.Returns a valid list of Cumulative or Monthly updates.Given no arguments, returns an array of updates" time="0.004" asserts="0" success="True" result="Success" executed="True" />
                  <test-case description="Given no arguments, returns an array" name="Get-LatestUpdate.Returns a valid list of Cumulative or Monthly updates.Given no arguments, returns an array" time="0.0026" asserts="0" success="True" result="Success" executed="True" />
                  <test-case description="Given no arguments, returns a valid array with expected properties" name="Get-LatestUpdate.Returns a valid list of Cumulative or Monthly updates.Given no arguments, returns a valid array with expected properties" time="0.062" asserts="0" success="True" result="Success" executed="True" />
                </results>
              </test-suite>
              <test-suite type="TestFixture" name="Windows 10: Returns expected results with -Build" executed="True" result="Success" success="True" time="22.3373" asserts="0" description="Windows 10: Returns expected results with -Build">
                <results>
                  <test-case description="Given '17763' returns updates for build 1809" name="Get-LatestUpdate.Windows 10: Returns expected results with -Build.Given '17763' returns updates for build 1809" time="3.896" asserts="0" success="True" result="Success" executed="True" />
                  <test-case description="Given '17134' returns updates for build 1803" name="Get-LatestUpdate.Windows 10: Returns expected results with -Build.Given '17134' returns updates for build 1803" time="3.9431" asserts="0" success="True" result="Success" executed="True" />
                  <test-case description="Given '16299' returns updates for build 1709" name="Get-LatestUpdate.Windows 10: Returns expected results with -Build.Given '16299' returns updates for build 1709" time="3.9951" asserts="0" success="True" result="Success" executed="True" />
                  <test-case description="Given '15063' returns updates for build 1703" name="Get-LatestUpdate.Windows 10: Returns expected results with -Build.Given '15063' returns updates for build 1703" time="2.3943" asserts="0" success="True" result="Success" executed="True" />
                  <test-case description="Given '14393' returns updates for build 1607" name="Get-LatestUpdate.Windows 10: Returns expected results with -Build.Given '14393' returns updates for build 1607" time="3.2516" asserts="0" success="True" result="Success" executed="True" />
                  <test-case description="Given '10586' returns updates for build 1511" name="Get-LatestUpdate.Windows 10: Returns expected results with -Build.Given '10586' returns updates for build 1511" time="2.303" asserts="0" success="True" result="Success" executed="True" />
                  <test-case description="Given '10240' returns updates for build 1507" name="Get-LatestUpdate.Windows 10: Returns expected results with -Build.Given '10240' returns updates for build 1507" time="2.4488" asserts="0" success="True" result="Success" executed="True" />
                </results>
              </test-suite>
            </results>
          </test-suite>
          <test-suite type="TestFixture" name="Get-LatestFlash" executed="True" result="Success" success="True" time="18.2394" asserts="0" description="Get-LatestFlash">
            <results>
              <test-suite type="TestFixture" name="Returns a valid list of Adobe Flash Player updates" executed="True" result="Success" success="True" time="0.2559" asserts="0" description="Returns a valid list of Adobe Flash Player updates">
                <results>
                  <test-case description="Given no arguments, returns an array of updates" name="Get-LatestFlash.Returns a valid list of Adobe Flash Player updates.Given no arguments, returns an array of updates" time="0.0182" asserts="0" success="True" result="Success" executed="True" />
                  <test-case description="Given no arguments, returns an array" name="Get-LatestFlash.Returns a valid list of Adobe Flash Player updates.Given no arguments, returns an array" time="0.0059" asserts="0" success="True" result="Success" executed="True" />
                  <test-case description="Given no arguments, returns a valid array with expected properties" name="Get-LatestFlash.Returns a valid list of Adobe Flash Player updates.Given no arguments, returns a valid array with expected properties" time="0.207" asserts="0" success="True" result="Success" executed="True" />
                </results>
              </test-suite>
              <test-suite type="TestFixture" name="Returns expected results with Flash updates array" executed="True" result="Success" success="True" time="0.0923" asserts="0" description="Returns expected results with Flash updates array">
                <results>
                  <test-case description="Given no arguments, returns updates for Adobe Flash Player" name="Get-LatestFlash.Returns expected results with Flash updates array.Given no arguments, returns updates for Adobe Flash Player" time="0.0768" asserts="0" success="True" result="Success" executed="True" />
                </results>
              </test-suite>
            </results>
          </test-suite>
          <test-suite type="TestFixture" name="Get-LatestServicingStack" executed="True" result="Success" success="True" time="14.4997" asserts="0" description="Get-LatestServicingStack">
            <results>
              <test-suite type="TestFixture" name="Returns a valid list of Servicing Stack updates" executed="True" result="Success" success="True" time="0.1528" asserts="0" description="Returns a valid list of Servicing Stack updates">
                <results>
                  <test-case description="Given no arguments, returns an array of updates" name="Get-LatestServicingStack.Returns a valid list of Servicing Stack updates.Given no arguments, returns an array of updates" time="0.0102" asserts="0" success="True" result="Success" executed="True" />
                  <test-case description="Given no arguments, returns an array" name="Get-LatestServicingStack.Returns a valid list of Servicing Stack updates.Given no arguments, returns an array" time="0.0023" asserts="0" success="True" result="Success" executed="True" />
                  <test-case description="Given no arguments, returns a valid array with expected properties" name="Get-LatestServicingStack.Returns a valid list of Servicing Stack updates.Given no arguments, returns a valid array with expected properties" time="0.1082" asserts="0" success="True" result="Success" executed="True" />
                </results>
              </test-suite>
              <test-suite type="TestFixture" name="Returns expected results with Servicing Stack updates array" executed="True" result="Success" success="True" time="0.1004" asserts="0" description="Returns expected results with Servicing Stack updates array">
                <results>
                  <test-case description="Given no arguments, returns updates for Servicing Stack" name="Get-LatestServicingStack.Returns expected results with Servicing Stack updates array.Given no arguments, returns updates for Servicing Stack" time="0.0854" asserts="0" success="True" result="Success" executed="True" />
                </results>
              </test-suite>
            </results>
          </test-suite>
          <test-suite type="TestFixture" name="Save-LatestUpdate" executed="True" result="Success" success="True" time="59.8473" asserts="0" description="Save-LatestUpdate">
            <results>
              <test-suite type="TestFixture" name="Download the latest Windows 10 Cumulative updates" executed="True" result="Success" success="True" time="13.0533" asserts="0" description="Download the latest Windows 10 Cumulative updates">
                <results>
                  <test-case description="Given updates returned from Get-LatestUpdate, it successfully downloads the update" name="Save-LatestUpdate.Download the latest Windows 10 Cumulative updates.Given updates returned from Get-LatestUpdate, it successfully downloads the update" time="0.0196" asserts="0" success="True" result="Success" executed="True" />
                </results>
              </test-suite>
              <test-suite type="TestFixture" name="Download the latest Adobe Flash Player updates" executed="True" result="Success" success="True" time="28.791" asserts="0" description="Download the latest Adobe Flash Player updates">
                <results>
                  <test-case description="Given updates returned from Get-LatestFlash, it successfully downloads the update" name="Save-LatestUpdate.Download the latest Adobe Flash Player updates.Given updates returned from Get-LatestFlash, it successfully downloads the update" time="0.1045" asserts="0" success="True" result="Success" executed="True" />
                </results>
              </test-suite>
              <test-suite type="TestFixture" name="Download the latest Servicing Stack updates" executed="True" result="Success" success="True" time="17.9711" asserts="0" description="Download the latest Servicing Stack updates">
                <results>
                  <test-case description="Given updates returned from Get-LatestServicingStack, it successfully downloads the update" name="Save-LatestUpdate.Download the latest Servicing Stack updates.Given updates returned from Get-LatestServicingStack, it successfully downloads the update" time="0.0612" asserts="0" success="True" result="Success" executed="True" />
                </results>
              </test-suite>
            </results>
          </test-suite>
        </results>
      </test-suite>
    </results>
  </test-suite>
</test-results>