<?xml version="1.0" encoding="utf-8" standalone="no"?>
<test-results xmlns:xsi="http://www.w3.org/2001/XMLSchema-instance" xsi:noNamespaceSchemaLocation="nunit_schema_2.5.xsd" name="Pester" total="365" errors="0" failures="0" not-run="0" inconclusive="0" ignored="0" skipped="0" invalid="0" date="2019-06-11" time="11:35:12">
  <environment user="appveyor" machine-name="APPVYR-WIN" cwd="C:\projects\latestupdate" user-domain="APPVYR-WIN" platform="Microsoft Windows Server 2012 R2 Datacenter|C:\windows|\Device\Harddisk0\Partition5" nunit-version="2.5.8.0" os-version="6.3.9600" clr-version="4.0.30319.42000" />
  <culture-info current-culture="en-US" current-uiculture="en-US" />
  <test-suite type="TestFixture" name="Pester" executed="True" result="Success" success="True" time="136.8587" asserts="0" description="Pester">
    <results>
      <test-suite type="TestFixture" name="C:\projects\latestupdate\tests\Main.Tests.ps1" executed="True" result="Success" success="True" time="8.6496" asserts="0" description="C:\projects\latestupdate\tests\Main.Tests.ps1">
        <results>
          <test-suite type="TestFixture" name="General project validation" executed="True" result="Success" success="True" time="7.6493" asserts="0" description="General project validation">
            <results>
              <test-suite type="ParameterizedTest" name="General project validation.Script &lt;file&gt; should be valid PowerShell" executed="True" result="Success" success="True" time="0.5853" asserts="0" description="Script &lt;file&gt; should be valid PowerShell">
                <results>
                  <test-case description="Script C:\projects\latestupdate\LatestUpdate\Private\Add-Property.ps1 should be valid PowerShell" name="General project validation.Script C:\projects\latestupdate\LatestUpdate\Private\Add-Property.ps1 should be valid PowerShell" time="0.3042" asserts="0" success="True" result="Success" executed="True" />
                  <test-case description="Script C:\projects\latestupdate\LatestUpdate\Private\ConvertTo-Hashtable.ps1 should be valid PowerShell" name="General project validation.Script C:\projects\latestupdate\LatestUpdate\Private\ConvertTo-Hashtable.ps1 should be valid PowerShell" time="0.0064" asserts="0" success="True" result="Success" executed="True" />
                  <test-case description="Script C:\projects\latestupdate\LatestUpdate\Private\Get-ModuleResource.ps1 should be valid PowerShell" name="General project validation.Script C:\projects\latestupdate\LatestUpdate\Private\Get-ModuleResource.ps1 should be valid PowerShell" time="0.0146" asserts="0" success="True" result="Success" executed="True" />
                  <test-case description="Script C:\projects\latestupdate\LatestUpdate\Private\Get-UpdateAdobeFlash.ps1 should be valid PowerShell" name="General project validation.Script C:\projects\latestupdate\LatestUpdate\Private\Get-UpdateAdobeFlash.ps1 should be valid PowerShell" time="0.0067" asserts="0" success="True" result="Success" executed="True" />
                  <test-case description="Script C:\projects\latestupdate\LatestUpdate\Private\Get-UpdateCatalogDownloadInfo.ps1 should be valid PowerShell" name="General project validation.Script C:\projects\latestupdate\LatestUpdate\Private\Get-UpdateCatalogDownloadInfo.ps1 should be valid PowerShell" time="0.0073" asserts="0" success="True" result="Success" executed="True" />
                  <test-case description="Script C:\projects\latestupdate\LatestUpdate\Private\Get-UpdateCumulative.ps1 should be valid PowerShell" name="General project validation.Script C:\projects\latestupdate\LatestUpdate\Private\Get-UpdateCumulative.ps1 should be valid PowerShell" time="0.006" asserts="0" success="True" result="Success" executed="True" />
                  <test-case description="Script C:\projects\latestupdate\LatestUpdate\Private\Get-UpdateDefender.ps1 should be valid PowerShell" name="General project validation.Script C:\projects\latestupdate\LatestUpdate\Private\Get-UpdateDefender.ps1 should be valid PowerShell" time="0.0066" asserts="0" success="True" result="Success" executed="True" />
                  <test-case description="Script C:\projects\latestupdate\LatestUpdate\Private\Get-UpdateFeed.ps1 should be valid PowerShell" name="General project validation.Script C:\projects\latestupdate\LatestUpdate\Private\Get-UpdateFeed.ps1 should be valid PowerShell" time="0.0218" asserts="0" success="True" result="Success" executed="True" />
                  <test-case description="Script C:\projects\latestupdate\LatestUpdate\Private\Get-UpdateMonthly.ps1 should be valid PowerShell" name="General project validation.Script C:\projects\latestupdate\LatestUpdate\Private\Get-UpdateMonthly.ps1 should be valid PowerShell" time="0.0061" asserts="0" success="True" result="Success" executed="True" />
                  <test-case description="Script C:\projects\latestupdate\LatestUpdate\Private\Get-UpdateNetFramework.ps1 should be valid PowerShell" name="General project validation.Script C:\projects\latestupdate\LatestUpdate\Private\Get-UpdateNetFramework.ps1 should be valid PowerShell" time="0.0058" asserts="0" success="True" result="Success" executed="True" />
                  <test-case description="Script C:\projects\latestupdate\LatestUpdate\Private\Get-UpdateServicingStack.ps1 should be valid PowerShell" name="General project validation.Script C:\projects\latestupdate\LatestUpdate\Private\Get-UpdateServicingStack.ps1 should be valid PowerShell" time="0.0067" asserts="0" success="True" result="Success" executed="True" />
                  <test-case description="Script C:\projects\latestupdate\LatestUpdate\Private\Invoke-UpdateCatalogDownloadDialog.ps1 should be valid PowerShell" name="General project validation.Script C:\projects\latestupdate\LatestUpdate\Private\Invoke-UpdateCatalogDownloadDialog.ps1 should be valid PowerShell" time="0.0099" asserts="0" success="True" result="Success" executed="True" />
                  <test-case description="Script C:\projects\latestupdate\LatestUpdate\Private\Invoke-UpdateCatalogSearch.ps1 should be valid PowerShell" name="General project validation.Script C:\projects\latestupdate\LatestUpdate\Private\Invoke-UpdateCatalogSearch.ps1 should be valid PowerShell" time="0.0074" asserts="0" success="True" result="Success" executed="True" />
                  <test-case description="Script C:\projects\latestupdate\LatestUpdate\Private\Test-PSCore.ps1 should be valid PowerShell" name="General project validation.Script C:\projects\latestupdate\LatestUpdate\Private\Test-PSCore.ps1 should be valid PowerShell" time="0.0054" asserts="0" success="True" result="Success" executed="True" />
                  <test-case description="Script C:\projects\latestupdate\LatestUpdate\Public\Get-LatestAdobeFlashUpdate.ps1 should be valid PowerShell" name="General project validation.Script C:\projects\latestupdate\LatestUpdate\Public\Get-LatestAdobeFlashUpdate.ps1 should be valid PowerShell" time="0.0074" asserts="0" success="True" result="Success" executed="True" />
                  <test-case description="Script C:\projects\latestupdate\LatestUpdate\Public\Get-LatestCumulativeUpdate.ps1 should be valid PowerShell" name="General project validation.Script C:\projects\latestupdate\LatestUpdate\Public\Get-LatestCumulativeUpdate.ps1 should be valid PowerShell" time="0.0061" asserts="0" success="True" result="Success" executed="True" />
                  <test-case description="Script C:\projects\latestupdate\LatestUpdate\Public\Get-LatestMonthlyRollup.ps1 should be valid PowerShell" name="General project validation.Script C:\projects\latestupdate\LatestUpdate\Public\Get-LatestMonthlyRollup.ps1 should be valid PowerShell" time="0.0092" asserts="0" success="True" result="Success" executed="True" />
                  <test-case description="Script C:\projects\latestupdate\LatestUpdate\Public\Get-LatestNetFrameworkUpdate.ps1 should be valid PowerShell" name="General project validation.Script C:\projects\latestupdate\LatestUpdate\Public\Get-LatestNetFrameworkUpdate.ps1 should be valid PowerShell" time="0.0056" asserts="0" success="True" result="Success" executed="True" />
                  <test-case description="Script C:\projects\latestupdate\LatestUpdate\Public\Get-LatestServicingStackUpdate.ps1 should be valid PowerShell" name="General project validation.Script C:\projects\latestupdate\LatestUpdate\Public\Get-LatestServicingStackUpdate.ps1 should be valid PowerShell" time="0.0075" asserts="0" success="True" result="Success" executed="True" />
                  <test-case description="Script C:\projects\latestupdate\LatestUpdate\Public\Get-LatestWindowsDefenderUpdate.ps1 should be valid PowerShell" name="General project validation.Script C:\projects\latestupdate\LatestUpdate\Public\Get-LatestWindowsDefenderUpdate.ps1 should be valid PowerShell" time="0.0053" asserts="0" success="True" result="Success" executed="True" />
                  <test-case description="Script C:\projects\latestupdate\LatestUpdate\Public\Save-LatestUpdate.ps1 should be valid PowerShell" name="General project validation.Script C:\projects\latestupdate\LatestUpdate\Public\Save-LatestUpdate.ps1 should be valid PowerShell" time="0.1236" asserts="0" success="True" result="Success" executed="True" />
                  <test-case description="Script C:\projects\latestupdate\LatestUpdate\LatestUpdate.psm1 should be valid PowerShell" name="General project validation.Script C:\projects\latestupdate\LatestUpdate\LatestUpdate.psm1 should be valid PowerShell" time="0.0057" asserts="0" success="True" result="Success" executed="True" />
                </results>
              </test-suite>
              <test-suite type="ParameterizedTest" name="General project validation.&lt;file&gt; should pass ScriptAnalyzer" executed="True" result="Success" success="True" time="5.4052" asserts="0" description="&lt;file&gt; should pass ScriptAnalyzer">
                <results>
                  <test-case description="C:\projects\latestupdate\LatestUpdate\Private\Add-Property.ps1 should pass ScriptAnalyzer" name="General project validation.C:\projects\latestupdate\LatestUpdate\Private\Add-Property.ps1 should pass ScriptAnalyzer" time="0.7275" asserts="0" success="True" result="Success" executed="True" />
                  <test-case description="C:\projects\latestupdate\LatestUpdate\Private\ConvertTo-Hashtable.ps1 should pass ScriptAnalyzer" name="General project validation.C:\projects\latestupdate\LatestUpdate\Private\ConvertTo-Hashtable.ps1 should pass ScriptAnalyzer" time="0.1597" asserts="0" success="True" result="Success" executed="True" />
                  <test-case description="C:\projects\latestupdate\LatestUpdate\Private\Get-ModuleResource.ps1 should pass ScriptAnalyzer" name="General project validation.C:\projects\latestupdate\LatestUpdate\Private\Get-ModuleResource.ps1 should pass ScriptAnalyzer" time="0.6403" asserts="0" success="True" result="Success" executed="True" />
                  <test-case description="C:\projects\latestupdate\LatestUpdate\Private\Get-UpdateAdobeFlash.ps1 should pass ScriptAnalyzer" name="General project validation.C:\projects\latestupdate\LatestUpdate\Private\Get-UpdateAdobeFlash.ps1 should pass ScriptAnalyzer" time="0.53" asserts="0" success="True" result="Success" executed="True" />
                  <test-case description="C:\projects\latestupdate\LatestUpdate\Private\Get-UpdateCatalogDownloadInfo.ps1 should pass ScriptAnalyzer" name="General project validation.C:\projects\latestupdate\LatestUpdate\Private\Get-UpdateCatalogDownloadInfo.ps1 should pass ScriptAnalyzer" time="0.4918" asserts="0" success="True" result="Success" executed="True" />
                  <test-case description="C:\projects\latestupdate\LatestUpdate\Private\Get-UpdateCumulative.ps1 should pass ScriptAnalyzer" name="General project validation.C:\projects\latestupdate\LatestUpdate\Private\Get-UpdateCumulative.ps1 should pass ScriptAnalyzer" time="0.17" asserts="0" success="True" result="Success" executed="True" />
                  <test-case description="C:\projects\latestupdate\LatestUpdate\Private\Get-UpdateDefender.ps1 should pass ScriptAnalyzer" name="General project validation.C:\projects\latestupdate\LatestUpdate\Private\Get-UpdateDefender.ps1 should pass ScriptAnalyzer" time="0.0499" asserts="0" success="True" result="Success" executed="True" />
                  <test-case description="C:\projects\latestupdate\LatestUpdate\Private\Get-UpdateFeed.ps1 should pass ScriptAnalyzer" name="General project validation.C:\projects\latestupdate\LatestUpdate\Private\Get-UpdateFeed.ps1 should pass ScriptAnalyzer" time="0.245" asserts="0" success="True" result="Success" executed="True" />
                  <test-case description="C:\projects\latestupdate\LatestUpdate\Private\Get-UpdateMonthly.ps1 should pass ScriptAnalyzer" name="General project validation.C:\projects\latestupdate\LatestUpdate\Private\Get-UpdateMonthly.ps1 should pass ScriptAnalyzer" time="0.0574" asserts="0" success="True" result="Success" executed="True" />
                  <test-case description="C:\projects\latestupdate\LatestUpdate\Private\Get-UpdateNetFramework.ps1 should pass ScriptAnalyzer" name="General project validation.C:\projects\latestupdate\LatestUpdate\Private\Get-UpdateNetFramework.ps1 should pass ScriptAnalyzer" time="0.0585" asserts="0" success="True" result="Success" executed="True" />
                  <test-case description="C:\projects\latestupdate\LatestUpdate\Private\Get-UpdateServicingStack.ps1 should pass ScriptAnalyzer" name="General project validation.C:\projects\latestupdate\LatestUpdate\Private\Get-UpdateServicingStack.ps1 should pass ScriptAnalyzer" time="0.1095" asserts="0" success="True" result="Success" executed="True" />
                  <test-case description="C:\projects\latestupdate\LatestUpdate\Private\Invoke-UpdateCatalogDownloadDialog.ps1 should pass ScriptAnalyzer" name="General project validation.C:\projects\latestupdate\LatestUpdate\Private\Invoke-UpdateCatalogDownloadDialog.ps1 should pass ScriptAnalyzer" time="0.26" asserts="0" success="True" result="Success" executed="True" />
                  <test-case description="C:\projects\latestupdate\LatestUpdate\Private\Invoke-UpdateCatalogSearch.ps1 should pass ScriptAnalyzer" name="General project validation.C:\projects\latestupdate\LatestUpdate\Private\Invoke-UpdateCatalogSearch.ps1 should pass ScriptAnalyzer" time="0.0558" asserts="0" success="True" result="Success" executed="True" />
                  <test-case description="C:\projects\latestupdate\LatestUpdate\Private\Test-PSCore.ps1 should pass ScriptAnalyzer" name="General project validation.C:\projects\latestupdate\LatestUpdate\Private\Test-PSCore.ps1 should pass ScriptAnalyzer" time="0.0523" asserts="0" success="True" result="Success" executed="True" />
                  <test-case description="C:\projects\latestupdate\LatestUpdate\Public\Get-LatestAdobeFlashUpdate.ps1 should pass ScriptAnalyzer" name="General project validation.C:\projects\latestupdate\LatestUpdate\Public\Get-LatestAdobeFlashUpdate.ps1 should pass ScriptAnalyzer" time="0.5243" asserts="0" success="True" result="Success" executed="True" />
                  <test-case description="C:\projects\latestupdate\LatestUpdate\Public\Get-LatestCumulativeUpdate.ps1 should pass ScriptAnalyzer" name="General project validation.C:\projects\latestupdate\LatestUpdate\Public\Get-LatestCumulativeUpdate.ps1 should pass ScriptAnalyzer" time="0.1477" asserts="0" success="True" result="Success" executed="True" />
                  <test-case description="C:\projects\latestupdate\LatestUpdate\Public\Get-LatestMonthlyRollup.ps1 should pass ScriptAnalyzer" name="General project validation.C:\projects\latestupdate\LatestUpdate\Public\Get-LatestMonthlyRollup.ps1 should pass ScriptAnalyzer" time="0.1735" asserts="0" success="True" result="Success" executed="True" />
                  <test-case description="C:\projects\latestupdate\LatestUpdate\Public\Get-LatestNetFrameworkUpdate.ps1 should pass ScriptAnalyzer" name="General project validation.C:\projects\latestupdate\LatestUpdate\Public\Get-LatestNetFrameworkUpdate.ps1 should pass ScriptAnalyzer" time="0.1562" asserts="0" success="True" result="Success" executed="True" />
                  <test-case description="C:\projects\latestupdate\LatestUpdate\Public\Get-LatestServicingStackUpdate.ps1 should pass ScriptAnalyzer" name="General project validation.C:\projects\latestupdate\LatestUpdate\Public\Get-LatestServicingStackUpdate.ps1 should pass ScriptAnalyzer" time="0.1526" asserts="0" success="True" result="Success" executed="True" />
                  <test-case description="C:\projects\latestupdate\LatestUpdate\Public\Get-LatestWindowsDefenderUpdate.ps1 should pass ScriptAnalyzer" name="General project validation.C:\projects\latestupdate\LatestUpdate\Public\Get-LatestWindowsDefenderUpdate.ps1 should pass ScriptAnalyzer" time="0.153" asserts="0" success="True" result="Success" executed="True" />
                  <test-case description="C:\projects\latestupdate\LatestUpdate\Public\Save-LatestUpdate.ps1 should pass ScriptAnalyzer" name="General project validation.C:\projects\latestupdate\LatestUpdate\Public\Save-LatestUpdate.ps1 should pass ScriptAnalyzer" time="0.3027" asserts="0" success="True" result="Success" executed="True" />
                  <test-case description="C:\projects\latestupdate\LatestUpdate\LatestUpdate.psm1 should pass ScriptAnalyzer" name="General project validation.C:\projects\latestupdate\LatestUpdate\LatestUpdate.psm1 should pass ScriptAnalyzer" time="0.1874" asserts="0" success="True" result="Success" executed="True" />
                </results>
              </test-suite>
            </results>
          </test-suite>
          <test-suite type="TestFixture" name="Function validation" executed="True" result="Success" success="True" time="0.6621" asserts="0" description="Function validation">
            <results>
              <test-suite type="ParameterizedTest" name="Function validation.Script &lt;file&gt; should only contain one function" executed="True" result="Success" success="True" time="0.1862" asserts="0" description="Script &lt;file&gt; should only contain one function">
                <results>
                  <test-case description="Script C:\projects\latestupdate\LatestUpdate\Private\Add-Property.ps1 should only contain one function" name="Function validation.Script C:\projects\latestupdate\LatestUpdate\Private\Add-Property.ps1 should only contain one function" time="0.0418" asserts="0" success="True" result="Success" executed="True" />
                  <test-case description="Script C:\projects\latestupdate\LatestUpdate\Private\ConvertTo-Hashtable.ps1 should only contain one function" name="Function validation.Script C:\projects\latestupdate\LatestUpdate\Private\ConvertTo-Hashtable.ps1 should only contain one function" time="0.0097" asserts="0" success="True" result="Success" executed="True" />
                  <test-case description="Script C:\projects\latestupdate\LatestUpdate\Private\Get-ModuleResource.ps1 should only contain one function" name="Function validation.Script C:\projects\latestupdate\LatestUpdate\Private\Get-ModuleResource.ps1 should only contain one function" time="0.0067" asserts="0" success="True" result="Success" executed="True" />
                  <test-case description="Script C:\projects\latestupdate\LatestUpdate\Private\Get-UpdateAdobeFlash.ps1 should only contain one function" name="Function validation.Script C:\projects\latestupdate\LatestUpdate\Private\Get-UpdateAdobeFlash.ps1 should only contain one function" time="0.0071" asserts="0" success="True" result="Success" executed="True" />
                  <test-case description="Script C:\projects\latestupdate\LatestUpdate\Private\Get-UpdateCatalogDownloadInfo.ps1 should only contain one function" name="Function validation.Script C:\projects\latestupdate\LatestUpdate\Private\Get-UpdateCatalogDownloadInfo.ps1 should only contain one function" time="0.0056" asserts="0" success="True" result="Success" executed="True" />
                  <test-case description="Script C:\projects\latestupdate\LatestUpdate\Private\Get-UpdateCumulative.ps1 should only contain one function" name="Function validation.Script C:\projects\latestupdate\LatestUpdate\Private\Get-UpdateCumulative.ps1 should only contain one function" time="0.0055" asserts="0" success="True" result="Success" executed="True" />
                  <test-case description="Script C:\projects\latestupdate\LatestUpdate\Private\Get-UpdateDefender.ps1 should only contain one function" name="Function validation.Script C:\projects\latestupdate\LatestUpdate\Private\Get-UpdateDefender.ps1 should only contain one function" time="0.0065" asserts="0" success="True" result="Success" executed="True" />
                  <test-case description="Script C:\projects\latestupdate\LatestUpdate\Private\Get-UpdateFeed.ps1 should only contain one function" name="Function validation.Script C:\projects\latestupdate\LatestUpdate\Private\Get-UpdateFeed.ps1 should only contain one function" time="0.0058" asserts="0" success="True" result="Success" executed="True" />
                  <test-case description="Script C:\projects\latestupdate\LatestUpdate\Private\Get-UpdateMonthly.ps1 should only contain one function" name="Function validation.Script C:\projects\latestupdate\LatestUpdate\Private\Get-UpdateMonthly.ps1 should only contain one function" time="0.0054" asserts="0" success="True" result="Success" executed="True" />
                  <test-case description="Script C:\projects\latestupdate\LatestUpdate\Private\Get-UpdateNetFramework.ps1 should only contain one function" name="Function validation.Script C:\projects\latestupdate\LatestUpdate\Private\Get-UpdateNetFramework.ps1 should only contain one function" time="0.007" asserts="0" success="True" result="Success" executed="True" />
                  <test-case description="Script C:\projects\latestupdate\LatestUpdate\Private\Get-UpdateServicingStack.ps1 should only contain one function" name="Function validation.Script C:\projects\latestupdate\LatestUpdate\Private\Get-UpdateServicingStack.ps1 should only contain one function" time="0.0057" asserts="0" success="True" result="Success" executed="True" />
                  <test-case description="Script C:\projects\latestupdate\LatestUpdate\Private\Invoke-UpdateCatalogDownloadDialog.ps1 should only contain one function" name="Function validation.Script C:\projects\latestupdate\LatestUpdate\Private\Invoke-UpdateCatalogDownloadDialog.ps1 should only contain one function" time="0.0074" asserts="0" success="True" result="Success" executed="True" />
                  <test-case description="Script C:\projects\latestupdate\LatestUpdate\Private\Invoke-UpdateCatalogSearch.ps1 should only contain one function" name="Function validation.Script C:\projects\latestupdate\LatestUpdate\Private\Invoke-UpdateCatalogSearch.ps1 should only contain one function" time="0.0062" asserts="0" success="True" result="Success" executed="True" />
                  <test-case description="Script C:\projects\latestupdate\LatestUpdate\Private\Test-PSCore.ps1 should only contain one function" name="Function validation.Script C:\projects\latestupdate\LatestUpdate\Private\Test-PSCore.ps1 should only contain one function" time="0.0058" asserts="0" success="True" result="Success" executed="True" />
                  <test-case description="Script C:\projects\latestupdate\LatestUpdate\Public\Get-LatestAdobeFlashUpdate.ps1 should only contain one function" name="Function validation.Script C:\projects\latestupdate\LatestUpdate\Public\Get-LatestAdobeFlashUpdate.ps1 should only contain one function" time="0.0083" asserts="0" success="True" result="Success" executed="True" />
                  <test-case description="Script C:\projects\latestupdate\LatestUpdate\Public\Get-LatestCumulativeUpdate.ps1 should only contain one function" name="Function validation.Script C:\projects\latestupdate\LatestUpdate\Public\Get-LatestCumulativeUpdate.ps1 should only contain one function" time="0.0135" asserts="0" success="True" result="Success" executed="True" />
                  <test-case description="Script C:\projects\latestupdate\LatestUpdate\Public\Get-LatestMonthlyRollup.ps1 should only contain one function" name="Function validation.Script C:\projects\latestupdate\LatestUpdate\Public\Get-LatestMonthlyRollup.ps1 should only contain one function" time="0.0063" asserts="0" success="True" result="Success" executed="True" />
                  <test-case description="Script C:\projects\latestupdate\LatestUpdate\Public\Get-LatestNetFrameworkUpdate.ps1 should only contain one function" name="Function validation.Script C:\projects\latestupdate\LatestUpdate\Public\Get-LatestNetFrameworkUpdate.ps1 should only contain one function" time="0.0069" asserts="0" success="True" result="Success" executed="True" />
                  <test-case description="Script C:\projects\latestupdate\LatestUpdate\Public\Get-LatestServicingStackUpdate.ps1 should only contain one function" name="Function validation.Script C:\projects\latestupdate\LatestUpdate\Public\Get-LatestServicingStackUpdate.ps1 should only contain one function" time="0.0118" asserts="0" success="True" result="Success" executed="True" />
                  <test-case description="Script C:\projects\latestupdate\LatestUpdate\Public\Get-LatestWindowsDefenderUpdate.ps1 should only contain one function" name="Function validation.Script C:\projects\latestupdate\LatestUpdate\Public\Get-LatestWindowsDefenderUpdate.ps1 should only contain one function" time="0.0056" asserts="0" success="True" result="Success" executed="True" />
                  <test-case description="Script C:\projects\latestupdate\LatestUpdate\Public\Save-LatestUpdate.ps1 should only contain one function" name="Function validation.Script C:\projects\latestupdate\LatestUpdate\Public\Save-LatestUpdate.ps1 should only contain one function" time="0.0075" asserts="0" success="True" result="Success" executed="True" />
                </results>
              </test-suite>
              <test-suite type="ParameterizedTest" name="Function validation.&lt;file&gt; should match function name" executed="True" result="Success" success="True" time="0.1615" asserts="0" description="&lt;file&gt; should match function name">
                <results>
                  <test-case description="C:\projects\latestupdate\LatestUpdate\Private\Add-Property.ps1 should match function name" name="Function validation.C:\projects\latestupdate\LatestUpdate\Private\Add-Property.ps1 should match function name" time="0.019" asserts="0" success="True" result="Success" executed="True" />
                  <test-case description="C:\projects\latestupdate\LatestUpdate\Private\ConvertTo-Hashtable.ps1 should match function name" name="Function validation.C:\projects\latestupdate\LatestUpdate\Private\ConvertTo-Hashtable.ps1 should match function name" time="0.0069" asserts="0" success="True" result="Success" executed="True" />
                  <test-case description="C:\projects\latestupdate\LatestUpdate\Private\Get-ModuleResource.ps1 should match function name" name="Function validation.C:\projects\latestupdate\LatestUpdate\Private\Get-ModuleResource.ps1 should match function name" time="0.011" asserts="0" success="True" result="Success" executed="True" />
                  <test-case description="C:\projects\latestupdate\LatestUpdate\Private\Get-UpdateAdobeFlash.ps1 should match function name" name="Function validation.C:\projects\latestupdate\LatestUpdate\Private\Get-UpdateAdobeFlash.ps1 should match function name" time="0.0071" asserts="0" success="True" result="Success" executed="True" />
                  <test-case description="C:\projects\latestupdate\LatestUpdate\Private\Get-UpdateCatalogDownloadInfo.ps1 should match function name" name="Function validation.C:\projects\latestupdate\LatestUpdate\Private\Get-UpdateCatalogDownloadInfo.ps1 should match function name" time="0.0059" asserts="0" success="True" result="Success" executed="True" />
                  <test-case description="C:\projects\latestupdate\LatestUpdate\Private\Get-UpdateCumulative.ps1 should match function name" name="Function validation.C:\projects\latestupdate\LatestUpdate\Private\Get-UpdateCumulative.ps1 should match function name" time="0.0069" asserts="0" success="True" result="Success" executed="True" />
                  <test-case description="C:\projects\latestupdate\LatestUpdate\Private\Get-UpdateDefender.ps1 should match function name" name="Function validation.C:\projects\latestupdate\LatestUpdate\Private\Get-UpdateDefender.ps1 should match function name" time="0.0057" asserts="0" success="True" result="Success" executed="True" />
                  <test-case description="C:\projects\latestupdate\LatestUpdate\Private\Get-UpdateFeed.ps1 should match function name" name="Function validation.C:\projects\latestupdate\LatestUpdate\Private\Get-UpdateFeed.ps1 should match function name" time="0.0061" asserts="0" success="True" result="Success" executed="True" />
                  <test-case description="C:\projects\latestupdate\LatestUpdate\Private\Get-UpdateMonthly.ps1 should match function name" name="Function validation.C:\projects\latestupdate\LatestUpdate\Private\Get-UpdateMonthly.ps1 should match function name" time="0.0072" asserts="0" success="True" result="Success" executed="True" />
                  <test-case description="C:\projects\latestupdate\LatestUpdate\Private\Get-UpdateNetFramework.ps1 should match function name" name="Function validation.C:\projects\latestupdate\LatestUpdate\Private\Get-UpdateNetFramework.ps1 should match function name" time="0.006" asserts="0" success="True" result="Success" executed="True" />
                  <test-case description="C:\projects\latestupdate\LatestUpdate\Private\Get-UpdateServicingStack.ps1 should match function name" name="Function validation.C:\projects\latestupdate\LatestUpdate\Private\Get-UpdateServicingStack.ps1 should match function name" time="0.0056" asserts="0" success="True" result="Success" executed="True" />
                  <test-case description="C:\projects\latestupdate\LatestUpdate\Private\Invoke-UpdateCatalogDownloadDialog.ps1 should match function name" name="Function validation.C:\projects\latestupdate\LatestUpdate\Private\Invoke-UpdateCatalogDownloadDialog.ps1 should match function name" time="0.0072" asserts="0" success="True" result="Success" executed="True" />
                  <test-case description="C:\projects\latestupdate\LatestUpdate\Private\Invoke-UpdateCatalogSearch.ps1 should match function name" name="Function validation.C:\projects\latestupdate\LatestUpdate\Private\Invoke-UpdateCatalogSearch.ps1 should match function name" time="0.0082" asserts="0" success="True" result="Success" executed="True" />
                  <test-case description="C:\projects\latestupdate\LatestUpdate\Private\Test-PSCore.ps1 should match function name" name="Function validation.C:\projects\latestupdate\LatestUpdate\Private\Test-PSCore.ps1 should match function name" time="0.0058" asserts="0" success="True" result="Success" executed="True" />
                  <test-case description="C:\projects\latestupdate\LatestUpdate\Public\Get-LatestAdobeFlashUpdate.ps1 should match function name" name="Function validation.C:\projects\latestupdate\LatestUpdate\Public\Get-LatestAdobeFlashUpdate.ps1 should match function name" time="0.0071" asserts="0" success="True" result="Success" executed="True" />
                  <test-case description="C:\projects\latestupdate\LatestUpdate\Public\Get-LatestCumulativeUpdate.ps1 should match function name" name="Function validation.C:\projects\latestupdate\LatestUpdate\Public\Get-LatestCumulativeUpdate.ps1 should match function name" time="0.006" asserts="0" success="True" result="Success" executed="True" />
                  <test-case description="C:\projects\latestupdate\LatestUpdate\Public\Get-LatestMonthlyRollup.ps1 should match function name" name="Function validation.C:\projects\latestupdate\LatestUpdate\Public\Get-LatestMonthlyRollup.ps1 should match function name" time="0.0055" asserts="0" success="True" result="Success" executed="True" />
                  <test-case description="C:\projects\latestupdate\LatestUpdate\Public\Get-LatestNetFrameworkUpdate.ps1 should match function name" name="Function validation.C:\projects\latestupdate\LatestUpdate\Public\Get-LatestNetFrameworkUpdate.ps1 should match function name" time="0.0075" asserts="0" success="True" result="Success" executed="True" />
                  <test-case description="C:\projects\latestupdate\LatestUpdate\Public\Get-LatestServicingStackUpdate.ps1 should match function name" name="Function validation.C:\projects\latestupdate\LatestUpdate\Public\Get-LatestServicingStackUpdate.ps1 should match function name" time="0.0057" asserts="0" success="True" result="Success" executed="True" />
                  <test-case description="C:\projects\latestupdate\LatestUpdate\Public\Get-LatestWindowsDefenderUpdate.ps1 should match function name" name="Function validation.C:\projects\latestupdate\LatestUpdate\Public\Get-LatestWindowsDefenderUpdate.ps1 should match function name" time="0.006" asserts="0" success="True" result="Success" executed="True" />
                  <test-case description="C:\projects\latestupdate\LatestUpdate\Public\Save-LatestUpdate.ps1 should match function name" name="Function validation.C:\projects\latestupdate\LatestUpdate\Public\Save-LatestUpdate.ps1 should match function name" time="0.0151" asserts="0" success="True" result="Success" executed="True" />
                </results>
              </test-suite>
            </results>
          </test-suite>
          <test-suite type="TestFixture" name="Module Metadata Validation" executed="True" result="Success" success="True" time="0.0969" asserts="0" description="Module Metadata Validation">
            <results>
              <test-case description="Script fileinfo should be OK" name="Module Metadata Validation.Script fileinfo should be OK" time="0.0293" asserts="0" success="True" result="Success" executed="True" />
              <test-case description="Import module should be OK" name="Module Metadata Validation.Import module should be OK" time="0.0404" asserts="0" success="True" result="Success" executed="True" />
            </results>
          </test-suite>
        </results>
      </test-suite>
      <test-suite type="TestFixture" name="C:\projects\latestupdate\tests\PrivateFunctions.Tests.ps1" executed="True" result="Success" success="True" time="0.2634" asserts="0" description="C:\projects\latestupdate\tests\PrivateFunctions.Tests.ps1">
        <results>
          <test-suite type="TestFixture" name="Test-PSCore" executed="True" result="Success" success="True" time="0.1546" asserts="0" description="Test-PSCore">
            <results>
              <test-suite type="TestFixture" name="Tests whether we are running on PowerShell Core" executed="True" result="Success" success="True" time="0.0671" asserts="0" description="Tests whether we are running on PowerShell Core">
                <results>
                  <test-case description="Imports the MDT PowerShell module and returns True" name="Test-PSCore.Tests whether we are running on PowerShell Core.Imports the MDT PowerShell module and returns True" time="0.0033" asserts="0" success="True" result="Success" executed="True" />
                </results>
              </test-suite>
              <test-suite type="TestFixture" name="Tests whether we are running on Windows PowerShell" executed="True" result="Success" success="True" time="0.0523" asserts="0" description="Tests whether we are running on Windows PowerShell">
                <results>
                  <test-case description="Returns False if running Windows PowerShell" name="Test-PSCore.Tests whether we are running on Windows PowerShell.Returns False if running Windows PowerShell" time="0.0327" asserts="0" success="True" result="Success" executed="True" />
                </results>
              </test-suite>
            </results>
          </test-suite>
        </results>
      </test-suite>
      <test-suite type="TestFixture" name="C:\projects\latestupdate\tests\PublicFunctions.Tests.ps1" executed="True" result="Success" success="True" time="127.9457" asserts="0" description="C:\projects\latestupdate\tests\PublicFunctions.Tests.ps1">
        <results>
          <test-suite type="TestFixture" name="Get-LatestCumulativeUpdate" executed="True" result="Success" success="True" time="22.3561" asserts="0" description="Get-LatestCumulativeUpdate">
            <results>
              <test-suite type="TestFixture" name="Returns a valid list of Cumulative updates" executed="True" result="Success" success="True" time="0.1285" asserts="0" description="Returns a valid list of Cumulative updates">
                <results>
                  <test-case description="Given no arguments, returns an array" name="Get-LatestCumulativeUpdate.Returns a valid list of Cumulative updates.Given no arguments, returns an array" time="0.0175" asserts="0" success="True" result="Success" executed="True" />
                  <test-case description="Given no arguments, returns an array of updates" name="Get-LatestCumulativeUpdate.Returns a valid list of Cumulative updates.Given no arguments, returns an array of updates" time="0.0271" asserts="0" success="True" result="Success" executed="True" />
                  <test-case description="Given no arguments, returns a valid array with expected properties: [1903, x86]" name="Get-LatestCumulativeUpdate.Returns a valid list of Cumulative updates.Given no arguments, returns a valid array with expected properties: [1903, x86]" time="0.0112" asserts="0" success="True" result="Success" executed="True" />
                  <test-case description="Given no arguments, returns a valid array with expected properties: [1903, x64]" name="Get-LatestCumulativeUpdate.Returns a valid list of Cumulative updates.Given no arguments, returns a valid array with expected properties: [1903, x64]" time="0.0068" asserts="0" success="True" result="Success" executed="True" />
                  <test-case description="Given no arguments, returns a valid array with expected properties: [1903, ARM64]" name="Get-LatestCumulativeUpdate.Returns a valid list of Cumulative updates.Given no arguments, returns a valid array with expected properties: [1903, ARM64]" time="0.0087" asserts="0" success="True" result="Success" executed="True" />
                  <test-case description="Given no arguments, returns a valid array with expected properties: [1903, x64]" name="Get-LatestCumulativeUpdate.Returns a valid list of Cumulative updates.Given no arguments, returns a valid array with expected properties: [1903, x64]" time="0.0067" asserts="0" success="True" result="Success" executed="True" />
                </results>
              </test-suite>
              <test-suite type="TestFixture" name="Returns expected results for each Windows 10 version" executed="True" result="Success" success="True" time="18.3" asserts="0" description="Returns expected results for each Windows 10 version">
                <results>
                  <test-case description="Given '1903' returns updates for version 1903: [1903, x86]" name="Get-LatestCumulativeUpdate.Returns expected results for each Windows 10 version.Given '1903' returns updates for version 1903: [1903, x86]" time="0.0299" asserts="0" success="True" result="Success" executed="True" />
                  <test-case description="Given '1903' returns updates for version 1903: [1903, x64]" name="Get-LatestCumulativeUpdate.Returns expected results for each Windows 10 version.Given '1903' returns updates for version 1903: [1903, x64]" time="0.0055" asserts="0" success="True" result="Success" executed="True" />
                  <test-case description="Given '1903' returns updates for version 1903: [1903, ARM64]" name="Get-LatestCumulativeUpdate.Returns expected results for each Windows 10 version.Given '1903' returns updates for version 1903: [1903, ARM64]" time="0.0049" asserts="0" success="True" result="Success" executed="True" />
                  <test-case description="Given '1903' returns updates for version 1903: [1903, x64]" name="Get-LatestCumulativeUpdate.Returns expected results for each Windows 10 version.Given '1903' returns updates for version 1903: [1903, x64]" time="0.0075" asserts="0" success="True" result="Success" executed="True" />
                  <test-case description="Given '1809' returns updates for version 1809: [1809, ARM64]" name="Get-LatestCumulativeUpdate.Returns expected results for each Windows 10 version.Given '1809' returns updates for version 1809: [1809, ARM64]" time="0.0053" asserts="0" success="True" result="Success" executed="True" />
                  <test-case description="Given '1809' returns updates for version 1809: [2019, x64]" name="Get-LatestCumulativeUpdate.Returns expected results for each Windows 10 version.Given '1809' returns updates for version 1809: [2019, x64]" time="0.0047" asserts="0" success="True" result="Success" executed="True" />
                  <test-case description="Given '1809' returns updates for version 1809: [1809, x86]" name="Get-LatestCumulativeUpdate.Returns expected results for each Windows 10 version.Given '1809' returns updates for version 1809: [1809, x86]" time="0.0045" asserts="0" success="True" result="Success" executed="True" />
                  <test-case description="Given '1809' returns updates for version 1809: [1809, x64]" name="Get-LatestCumulativeUpdate.Returns expected results for each Windows 10 version.Given '1809' returns updates for version 1809: [1809, x64]" time="0.0046" asserts="0" success="True" result="Success" executed="True" />
                  <test-case description="Given '1803' returns updates for version 1803: [1803, x86]" name="Get-LatestCumulativeUpdate.Returns expected results for each Windows 10 version.Given '1803' returns updates for version 1803: [1803, x86]" time="0.0141" asserts="0" success="True" result="Success" executed="True" />
                  <test-case description="Given '1803' returns updates for version 1803: [1803, x64]" name="Get-LatestCumulativeUpdate.Returns expected results for each Windows 10 version.Given '1803' returns updates for version 1803: [1803, x64]" time="0.0131" asserts="0" success="True" result="Success" executed="True" />
                  <test-case description="Given '1803' returns updates for version 1803: [1803, x64]" name="Get-LatestCumulativeUpdate.Returns expected results for each Windows 10 version.Given '1803' returns updates for version 1803: [1803, x64]" time="0.0116" asserts="0" success="True" result="Success" executed="True" />
                  <test-case description="Given '1803' returns updates for version 1803: [1803, ARM64]" name="Get-LatestCumulativeUpdate.Returns expected results for each Windows 10 version.Given '1803' returns updates for version 1803: [1803, ARM64]" time="0.0253" asserts="0" success="True" result="Success" executed="True" />
                  <test-case description="Given '1709' returns updates for version 1709: [1709, ARM64]" name="Get-LatestCumulativeUpdate.Returns expected results for each Windows 10 version.Given '1709' returns updates for version 1709: [1709, ARM64]" time="0.0053" asserts="0" success="True" result="Success" executed="True" />
                  <test-case description="Given '1709' returns updates for version 1709: [1709, x64]" name="Get-LatestCumulativeUpdate.Returns expected results for each Windows 10 version.Given '1709' returns updates for version 1709: [1709, x64]" time="0.0044" asserts="0" success="True" result="Success" executed="True" />
                  <test-case description="Given '1709' returns updates for version 1709: [1709, x86]" name="Get-LatestCumulativeUpdate.Returns expected results for each Windows 10 version.Given '1709' returns updates for version 1709: [1709, x86]" time="0.0048" asserts="0" success="True" result="Success" executed="True" />
                  <test-case description="Given '1703' returns updates for version 1703: [1703, x86]" name="Get-LatestCumulativeUpdate.Returns expected results for each Windows 10 version.Given '1703' returns updates for version 1703: [1703, x86]" time="0.0053" asserts="0" success="True" result="Success" executed="True" />
                  <test-case description="Given '1703' returns updates for version 1703: [1703, x64]" name="Get-LatestCumulativeUpdate.Returns expected results for each Windows 10 version.Given '1703' returns updates for version 1703: [1703, x64]" time="0.0046" asserts="0" success="True" result="Success" executed="True" />
                  <test-case description="Given '1607' returns updates for version 1607: [1607, x86]" name="Get-LatestCumulativeUpdate.Returns expected results for each Windows 10 version.Given '1607' returns updates for version 1607: [1607, x86]" time="0.0051" asserts="0" success="True" result="Success" executed="True" />
                  <test-case description="Given '1607' returns updates for version 1607: [2016, x64]" name="Get-LatestCumulativeUpdate.Returns expected results for each Windows 10 version.Given '1607' returns updates for version 1607: [2016, x64]" time="0.0043" asserts="0" success="True" result="Success" executed="True" />
                  <test-case description="Given '1607' returns updates for version 1607: [1607, x64]" name="Get-LatestCumulativeUpdate.Returns expected results for each Windows 10 version.Given '1607' returns updates for version 1607: [1607, x64]" time="0.0045" asserts="0" success="True" result="Success" executed="True" />
                </results>
              </test-suite>
            </results>
          </test-suite>
          <test-suite type="TestFixture" name="Get-LatestAdobeFlashUpdate" executed="True" result="Success" success="True" time="16.9348" asserts="0" description="Get-LatestAdobeFlashUpdate">
            <results>
              <test-suite type="TestFixture" name="Returns a valid list of Adobe Flash Player updates" executed="True" result="Success" success="True" time="0.3668" asserts="0" description="Returns a valid list of Adobe Flash Player updates">
                <results>
                  <test-case description="Given no arguments, returns an array" name="Get-LatestAdobeFlashUpdate.Returns a valid list of Adobe Flash Player updates.Given no arguments, returns an array" time="0.0025" asserts="0" success="True" result="Success" executed="True" />
                  <test-case description="Given no arguments, returns an array of updates" name="Get-LatestAdobeFlashUpdate.Returns a valid list of Adobe Flash Player updates.Given no arguments, returns an array of updates" time="0.015" asserts="0" success="True" result="Success" executed="True" />
                  <test-case description="Given no arguments, returns a valid array with expected properties: [1809, x86]" name="Get-LatestAdobeFlashUpdate.Returns a valid list of Adobe Flash Player updates.Given no arguments, returns a valid array with expected properties: [1809, x86]" time="0.0102" asserts="0" success="True" result="Success" executed="True" />
                  <test-case description="Given no arguments, returns a valid array with expected properties: [2019, x64]" name="Get-LatestAdobeFlashUpdate.Returns a valid list of Adobe Flash Player updates.Given no arguments, returns a valid array with expected properties: [2019, x64]" time="0.0071" asserts="0" success="True" result="Success" executed="True" />
                  <test-case description="Given no arguments, returns a valid array with expected properties: [1809, ARM64]" name="Get-LatestAdobeFlashUpdate.Returns a valid list of Adobe Flash Player updates.Given no arguments, returns a valid array with expected properties: [1809, ARM64]" time="0.0073" asserts="0" success="True" result="Success" executed="True" />
                  <test-case description="Given no arguments, returns a valid array with expected properties: [1809, x64]" name="Get-LatestAdobeFlashUpdate.Returns a valid list of Adobe Flash Player updates.Given no arguments, returns a valid array with expected properties: [1809, x64]" time="0.0082" asserts="0" success="True" result="Success" executed="True" />
                  <test-case description="Given no arguments, returns a valid array with expected properties: [1903, ARM64]" name="Get-LatestAdobeFlashUpdate.Returns a valid list of Adobe Flash Player updates.Given no arguments, returns a valid array with expected properties: [1903, ARM64]" time="0.0076" asserts="0" success="True" result="Success" executed="True" />
                  <test-case description="Given no arguments, returns a valid array with expected properties: [1903, x64]" name="Get-LatestAdobeFlashUpdate.Returns a valid list of Adobe Flash Player updates.Given no arguments, returns a valid array with expected properties: [1903, x64]" time="0.0105" asserts="0" success="True" result="Success" executed="True" />
                  <test-case description="Given no arguments, returns a valid array with expected properties: [1903, x86]" name="Get-LatestAdobeFlashUpdate.Returns a valid list of Adobe Flash Player updates.Given no arguments, returns a valid array with expected properties: [1903, x86]" time="0.0073" asserts="0" success="True" result="Success" executed="True" />
                  <test-case description="Given no arguments, returns a valid array with expected properties: [1903, x64]" name="Get-LatestAdobeFlashUpdate.Returns a valid list of Adobe Flash Player updates.Given no arguments, returns a valid array with expected properties: [1903, x64]" time="0.007" asserts="0" success="True" result="Success" executed="True" />
                  <test-case description="Given no arguments, returns a valid array with expected properties: [1607, x86]" name="Get-LatestAdobeFlashUpdate.Returns a valid list of Adobe Flash Player updates.Given no arguments, returns a valid array with expected properties: [1607, x86]" time="0.0094" asserts="0" success="True" result="Success" executed="True" />
                  <test-case description="Given no arguments, returns a valid array with expected properties: [2016, x64]" name="Get-LatestAdobeFlashUpdate.Returns a valid list of Adobe Flash Player updates.Given no arguments, returns a valid array with expected properties: [2016, x64]" time="0.0071" asserts="0" success="True" result="Success" executed="True" />
                  <test-case description="Given no arguments, returns a valid array with expected properties: [1607, x64]" name="Get-LatestAdobeFlashUpdate.Returns a valid list of Adobe Flash Player updates.Given no arguments, returns a valid array with expected properties: [1607, x64]" time="0.0067" asserts="0" success="True" result="Success" executed="True" />
                  <test-case description="Given no arguments, returns a valid array with expected properties: [1607, x64]" name="Get-LatestAdobeFlashUpdate.Returns a valid list of Adobe Flash Player updates.Given no arguments, returns a valid array with expected properties: [1607, x64]" time="0.0093" asserts="0" success="True" result="Success" executed="True" />
                  <test-case description="Given no arguments, returns a valid array with expected properties: [1607, x64]" name="Get-LatestAdobeFlashUpdate.Returns a valid list of Adobe Flash Player updates.Given no arguments, returns a valid array with expected properties: [1607, x64]" time="0.0067" asserts="0" success="True" result="Success" executed="True" />
                  <test-case description="Given no arguments, returns a valid array with expected properties: [2019, x64]" name="Get-LatestAdobeFlashUpdate.Returns a valid list of Adobe Flash Player updates.Given no arguments, returns a valid array with expected properties: [2019, x64]" time="0.0072" asserts="0" success="True" result="Success" executed="True" />
                  <test-case description="Given no arguments, returns a valid array with expected properties: [2019, x64]" name="Get-LatestAdobeFlashUpdate.Returns a valid list of Adobe Flash Player updates.Given no arguments, returns a valid array with expected properties: [2019, x64]" time="0.0105" asserts="0" success="True" result="Success" executed="True" />
                  <test-case description="Given no arguments, returns a valid array with expected properties: [2019, x64]" name="Get-LatestAdobeFlashUpdate.Returns a valid list of Adobe Flash Player updates.Given no arguments, returns a valid array with expected properties: [2019, x64]" time="0.0129" asserts="0" success="True" result="Success" executed="True" />
                  <test-case description="Given no arguments, returns a valid array with expected properties: [2019, x64]" name="Get-LatestAdobeFlashUpdate.Returns a valid list of Adobe Flash Player updates.Given no arguments, returns a valid array with expected properties: [2019, x64]" time="0.007" asserts="0" success="True" result="Success" executed="True" />
                  <test-case description="Given no arguments, returns a valid array with expected properties: [1507, x64]" name="Get-LatestAdobeFlashUpdate.Returns a valid list of Adobe Flash Player updates.Given no arguments, returns a valid array with expected properties: [1507, x64]" time="0.0091" asserts="0" success="True" result="Success" executed="True" />
                  <test-case description="Given no arguments, returns a valid array with expected properties: [1507, x86]" name="Get-LatestAdobeFlashUpdate.Returns a valid list of Adobe Flash Player updates.Given no arguments, returns a valid array with expected properties: [1507, x86]" time="0.007" asserts="0" success="True" result="Success" executed="True" />
                  <test-case description="Given no arguments, returns a valid array with expected properties: [1703, x64]" name="Get-LatestAdobeFlashUpdate.Returns a valid list of Adobe Flash Player updates.Given no arguments, returns a valid array with expected properties: [1703, x64]" time="0.0078" asserts="0" success="True" result="Success" executed="True" />
                  <test-case description="Given no arguments, returns a valid array with expected properties: [1703, x86]" name="Get-LatestAdobeFlashUpdate.Returns a valid list of Adobe Flash Player updates.Given no arguments, returns a valid array with expected properties: [1703, x86]" time="0.0077" asserts="0" success="True" result="Success" executed="True" />
                  <test-case description="Given no arguments, returns a valid array with expected properties: [1709, x86]" name="Get-LatestAdobeFlashUpdate.Returns a valid list of Adobe Flash Player updates.Given no arguments, returns a valid array with expected properties: [1709, x86]" time="0.0074" asserts="0" success="True" result="Success" executed="True" />
                  <test-case description="Given no arguments, returns a valid array with expected properties: [1709, ARM64]" name="Get-LatestAdobeFlashUpdate.Returns a valid list of Adobe Flash Player updates.Given no arguments, returns a valid array with expected properties: [1709, ARM64]" time="0.0075" asserts="0" success="True" result="Success" executed="True" />
                  <test-case description="Given no arguments, returns a valid array with expected properties: [1709, x64]" name="Get-LatestAdobeFlashUpdate.Returns a valid list of Adobe Flash Player updates.Given no arguments, returns a valid array with expected properties: [1709, x64]" time="0.0073" asserts="0" success="True" result="Success" executed="True" />
                  <test-case description="Given no arguments, returns a valid array with expected properties: [1803, x64]" name="Get-LatestAdobeFlashUpdate.Returns a valid list of Adobe Flash Player updates.Given no arguments, returns a valid array with expected properties: [1803, x64]" time="0.0086" asserts="0" success="True" result="Success" executed="True" />
                </results>
              </test-suite>
              <test-suite type="TestFixture" name="Returns expected results with Flash updates array" executed="True" result="Success" success="True" time="0.2364" asserts="0" description="Returns expected results with Flash updates array">
                <results>
                  <test-case description="Given no arguments, returns updates for Adobe Flash Player: [1809, x86]" name="Get-LatestAdobeFlashUpdate.Returns expected results with Flash updates array.Given no arguments, returns updates for Adobe Flash Player: [1809, x86]" time="0.0037" asserts="0" success="True" result="Success" executed="True" />
                  <test-case description="Given no arguments, returns updates for Adobe Flash Player: [2019, x64]" name="Get-LatestAdobeFlashUpdate.Returns expected results with Flash updates array.Given no arguments, returns updates for Adobe Flash Player: [2019, x64]" time="0.0038" asserts="0" success="True" result="Success" executed="True" />
                  <test-case description="Given no arguments, returns updates for Adobe Flash Player: [1809, ARM64]" name="Get-LatestAdobeFlashUpdate.Returns expected results with Flash updates array.Given no arguments, returns updates for Adobe Flash Player: [1809, ARM64]" time="0.0037" asserts="0" success="True" result="Success" executed="True" />
                  <test-case description="Given no arguments, returns updates for Adobe Flash Player: [1809, x64]" name="Get-LatestAdobeFlashUpdate.Returns expected results with Flash updates array.Given no arguments, returns updates for Adobe Flash Player: [1809, x64]" time="0.0066" asserts="0" success="True" result="Success" executed="True" />
                  <test-case description="Given no arguments, returns updates for Adobe Flash Player: [1903, ARM64]" name="Get-LatestAdobeFlashUpdate.Returns expected results with Flash updates array.Given no arguments, returns updates for Adobe Flash Player: [1903, ARM64]" time="0.0036" asserts="0" success="True" result="Success" executed="True" />
                  <test-case description="Given no arguments, returns updates for Adobe Flash Player: [1903, x64]" name="Get-LatestAdobeFlashUpdate.Returns expected results with Flash updates array.Given no arguments, returns updates for Adobe Flash Player: [1903, x64]" time="0.0032" asserts="0" success="True" result="Success" executed="True" />
                  <test-case description="Given no arguments, returns updates for Adobe Flash Player: [1903, x86]" name="Get-LatestAdobeFlashUpdate.Returns expected results with Flash updates array.Given no arguments, returns updates for Adobe Flash Player: [1903, x86]" time="0.0037" asserts="0" success="True" result="Success" executed="True" />
                  <test-case description="Given no arguments, returns updates for Adobe Flash Player: [1903, x64]" name="Get-LatestAdobeFlashUpdate.Returns expected results with Flash updates array.Given no arguments, returns updates for Adobe Flash Player: [1903, x64]" time="0.0035" asserts="0" success="True" result="Success" executed="True" />
                  <test-case description="Given no arguments, returns updates for Adobe Flash Player: [1607, x86]" name="Get-LatestAdobeFlashUpdate.Returns expected results with Flash updates array.Given no arguments, returns updates for Adobe Flash Player: [1607, x86]" time="0.0034" asserts="0" success="True" result="Success" executed="True" />
                  <test-case description="Given no arguments, returns updates for Adobe Flash Player: [2016, x64]" name="Get-LatestAdobeFlashUpdate.Returns expected results with Flash updates array.Given no arguments, returns updates for Adobe Flash Player: [2016, x64]" time="0.0034" asserts="0" success="True" result="Success" executed="True" />
                  <test-case description="Given no arguments, returns updates for Adobe Flash Player: [1607, x64]" name="Get-LatestAdobeFlashUpdate.Returns expected results with Flash updates array.Given no arguments, returns updates for Adobe Flash Player: [1607, x64]" time="0.0039" asserts="0" success="True" result="Success" executed="True" />
                  <test-case description="Given no arguments, returns updates for Adobe Flash Player: [1607, x64]" name="Get-LatestAdobeFlashUpdate.Returns expected results with Flash updates array.Given no arguments, returns updates for Adobe Flash Player: [1607, x64]" time="0.0036" asserts="0" success="True" result="Success" executed="True" />
                  <test-case description="Given no arguments, returns updates for Adobe Flash Player: [1607, x64]" name="Get-LatestAdobeFlashUpdate.Returns expected results with Flash updates array.Given no arguments, returns updates for Adobe Flash Player: [1607, x64]" time="0.0063" asserts="0" success="True" result="Success" executed="True" />
                  <test-case description="Given no arguments, returns updates for Adobe Flash Player: [2019, x64]" name="Get-LatestAdobeFlashUpdate.Returns expected results with Flash updates array.Given no arguments, returns updates for Adobe Flash Player: [2019, x64]" time="0.0034" asserts="0" success="True" result="Success" executed="True" />
                  <test-case description="Given no arguments, returns updates for Adobe Flash Player: [2019, x64]" name="Get-LatestAdobeFlashUpdate.Returns expected results with Flash updates array.Given no arguments, returns updates for Adobe Flash Player: [2019, x64]" time="0.0034" asserts="0" success="True" result="Success" executed="True" />
                  <test-case description="Given no arguments, returns updates for Adobe Flash Player: [2019, x64]" name="Get-LatestAdobeFlashUpdate.Returns expected results with Flash updates array.Given no arguments, returns updates for Adobe Flash Player: [2019, x64]" time="0.0036" asserts="0" success="True" result="Success" executed="True" />
                  <test-case description="Given no arguments, returns updates for Adobe Flash Player: [2019, x64]" name="Get-LatestAdobeFlashUpdate.Returns expected results with Flash updates array.Given no arguments, returns updates for Adobe Flash Player: [2019, x64]" time="0.007" asserts="0" success="True" result="Success" executed="True" />
                  <test-case description="Given no arguments, returns updates for Adobe Flash Player: [1507, x64]" name="Get-LatestAdobeFlashUpdate.Returns expected results with Flash updates array.Given no arguments, returns updates for Adobe Flash Player: [1507, x64]" time="0.0038" asserts="0" success="True" result="Success" executed="True" />
                  <test-case description="Given no arguments, returns updates for Adobe Flash Player: [1507, x86]" name="Get-LatestAdobeFlashUpdate.Returns expected results with Flash updates array.Given no arguments, returns updates for Adobe Flash Player: [1507, x86]" time="0.0035" asserts="0" success="True" result="Success" executed="True" />
                  <test-case description="Given no arguments, returns updates for Adobe Flash Player: [1703, x64]" name="Get-LatestAdobeFlashUpdate.Returns expected results with Flash updates array.Given no arguments, returns updates for Adobe Flash Player: [1703, x64]" time="0.0037" asserts="0" success="True" result="Success" executed="True" />
                  <test-case description="Given no arguments, returns updates for Adobe Flash Player: [1703, x86]" name="Get-LatestAdobeFlashUpdate.Returns expected results with Flash updates array.Given no arguments, returns updates for Adobe Flash Player: [1703, x86]" time="0.0036" asserts="0" success="True" result="Success" executed="True" />
                  <test-case description="Given no arguments, returns updates for Adobe Flash Player: [1709, x86]" name="Get-LatestAdobeFlashUpdate.Returns expected results with Flash updates array.Given no arguments, returns updates for Adobe Flash Player: [1709, x86]" time="0.0043" asserts="0" success="True" result="Success" executed="True" />
                  <test-case description="Given no arguments, returns updates for Adobe Flash Player: [1709, ARM64]" name="Get-LatestAdobeFlashUpdate.Returns expected results with Flash updates array.Given no arguments, returns updates for Adobe Flash Player: [1709, ARM64]" time="0.0041" asserts="0" success="True" result="Success" executed="True" />
                  <test-case description="Given no arguments, returns updates for Adobe Flash Player: [1709, x64]" name="Get-LatestAdobeFlashUpdate.Returns expected results with Flash updates array.Given no arguments, returns updates for Adobe Flash Player: [1709, x64]" time="0.0038" asserts="0" success="True" result="Success" executed="True" />
                  <test-case description="Given no arguments, returns updates for Adobe Flash Player: [1803, x64]" name="Get-LatestAdobeFlashUpdate.Returns expected results with Flash updates array.Given no arguments, returns updates for Adobe Flash Player: [1803, x64]" time="0.007" asserts="0" success="True" result="Success" executed="True" />
                </results>
              </test-suite>
            </results>
          </test-suite>
          <test-suite type="TestFixture" name="Get-LatestServicingStack" executed="True" result="Success" success="True" time="3.6986" asserts="0" description="Get-LatestServicingStack">
            <results>
              <test-suite type="TestFixture" name="Returns a valid list of Servicing Stack updates" executed="True" result="Success" success="True" time="0.0902" asserts="0" description="Returns a valid list of Servicing Stack updates">
                <results>
                  <test-case description="Given no arguments, returns an array of updates" name="Get-LatestServicingStack.Returns a valid list of Servicing Stack updates.Given no arguments, returns an array of updates" time="0.0042" asserts="0" success="True" result="Success" executed="True" />
                  <test-case description="Given no arguments, returns an array" name="Get-LatestServicingStack.Returns a valid list of Servicing Stack updates.Given no arguments, returns an array" time="0.0027" asserts="0" success="True" result="Success" executed="True" />
                  <test-case description="Given no arguments, returns a valid array with expected properties: [1903, ARM64]" name="Get-LatestServicingStack.Returns a valid list of Servicing Stack updates.Given no arguments, returns a valid array with expected properties: [1903, ARM64]" time="0.0113" asserts="0" success="True" result="Success" executed="True" />
                  <test-case description="Given no arguments, returns a valid array with expected properties: [1903, x64]" name="Get-LatestServicingStack.Returns a valid list of Servicing Stack updates.Given no arguments, returns a valid array with expected properties: [1903, x64]" time="0.0073" asserts="0" success="True" result="Success" executed="True" />
                  <test-case description="Given no arguments, returns a valid array with expected properties: [1903, x64]" name="Get-LatestServicingStack.Returns a valid list of Servicing Stack updates.Given no arguments, returns a valid array with expected properties: [1903, x64]" time="0.0073" asserts="0" success="True" result="Success" executed="True" />
                  <test-case description="Given no arguments, returns a valid array with expected properties: [1903, x86]" name="Get-LatestServicingStack.Returns a valid list of Servicing Stack updates.Given no arguments, returns a valid array with expected properties: [1903, x86]" time="0.0069" asserts="0" success="True" result="Success" executed="True" />
                </results>
              </test-suite>
              <test-suite type="TestFixture" name="Returns expected results with Servicing Stack updates array" executed="True" result="Success" success="True" time="0.0543" asserts="0" description="Returns expected results with Servicing Stack updates array">
                <results>
                  <test-case description="Given no arguments, returns updates for Servicing Stack: [1903, ARM64]" name="Get-LatestServicingStack.Returns expected results with Servicing Stack updates array.Given no arguments, returns updates for Servicing Stack: [1903, ARM64]" time="0.0054" asserts="0" success="True" result="Success" executed="True" />
                  <test-case description="Given no arguments, returns updates for Servicing Stack: [1903, x64]" name="Get-LatestServicingStack.Returns expected results with Servicing Stack updates array.Given no arguments, returns updates for Servicing Stack: [1903, x64]" time="0.0046" asserts="0" success="True" result="Success" executed="True" />
                  <test-case description="Given no arguments, returns updates for Servicing Stack: [1903, x64]" name="Get-LatestServicingStack.Returns expected results with Servicing Stack updates array.Given no arguments, returns updates for Servicing Stack: [1903, x64]" time="0.0049" asserts="0" success="True" result="Success" executed="True" />
                  <test-case description="Given no arguments, returns updates for Servicing Stack: [1903, x86]" name="Get-LatestServicingStack.Returns expected results with Servicing Stack updates array.Given no arguments, returns updates for Servicing Stack: [1903, x86]" time="0.0053" asserts="0" success="True" result="Success" executed="True" />
                </results>
              </test-suite>
            </results>
          </test-suite>
          <test-suite type="TestFixture" name="Get-LatestNetFrameworkUpdate" executed="True" result="Success" success="True" time="16.4724" asserts="0" description="Get-LatestNetFrameworkUpdate">
            <results>
              <test-suite type="TestFixture" name="Returns a valid cumulative .NET Framework update" executed="True" result="Success" success="True" time="0.3194" asserts="0" description="Returns a valid cumulative .NET Framework update">
                <results>
                  <test-case description="Given an OS as argument, returns an array of updates" name="Get-LatestNetFrameworkUpdate.Returns a valid cumulative .NET Framework update.Given an OS as argument, returns an array of updates" time="0.0128" asserts="0" success="True" result="Success" executed="True" />
                  <test-case description="Given no arguments, returns a valid array with expected properties: [1809, x86]" name="Get-LatestNetFrameworkUpdate.Returns a valid cumulative .NET Framework update.Given no arguments, returns a valid array with expected properties: [1809, x86]" time="0.0075" asserts="0" success="True" result="Success" executed="True" />
                  <test-case description="Given no arguments, returns a valid array with expected properties: [1809, x64]" name="Get-LatestNetFrameworkUpdate.Returns a valid cumulative .NET Framework update.Given no arguments, returns a valid array with expected properties: [1809, x64]" time="0.0072" asserts="0" success="True" result="Success" executed="True" />
                  <test-case description="Given no arguments, returns a valid array with expected properties: [2019, x64]" name="Get-LatestNetFrameworkUpdate.Returns a valid cumulative .NET Framework update.Given no arguments, returns a valid array with expected properties: [2019, x64]" time="0.0068" asserts="0" success="True" result="Success" executed="True" />
                  <test-case description="Given no arguments, returns a valid array with expected properties: [1709, x86]" name="Get-LatestNetFrameworkUpdate.Returns a valid cumulative .NET Framework update.Given no arguments, returns a valid array with expected properties: [1709, x86]" time="0.0071" asserts="0" success="True" result="Success" executed="True" />
                  <test-case description="Given no arguments, returns a valid array with expected properties: [1709, x64]" name="Get-LatestNetFrameworkUpdate.Returns a valid cumulative .NET Framework update.Given no arguments, returns a valid array with expected properties: [1709, x64]" time="0.0068" asserts="0" success="True" result="Success" executed="True" />
                  <test-case description="Given no arguments, returns a valid array with expected properties: [1607, x86]" name="Get-LatestNetFrameworkUpdate.Returns a valid cumulative .NET Framework update.Given no arguments, returns a valid array with expected properties: [1607, x86]" time="0.0068" asserts="0" success="True" result="Success" executed="True" />
                  <test-case description="Given no arguments, returns a valid array with expected properties: [1607, x64]" name="Get-LatestNetFrameworkUpdate.Returns a valid cumulative .NET Framework update.Given no arguments, returns a valid array with expected properties: [1607, x64]" time="0.0067" asserts="0" success="True" result="Success" executed="True" />
                  <test-case description="Given no arguments, returns a valid array with expected properties: [2016, x64]" name="Get-LatestNetFrameworkUpdate.Returns a valid cumulative .NET Framework update.Given no arguments, returns a valid array with expected properties: [2016, x64]" time="0.0068" asserts="0" success="True" result="Success" executed="True" />
                  <test-case description="Given no arguments, returns a valid array with expected properties: [1703, x86]" name="Get-LatestNetFrameworkUpdate.Returns a valid cumulative .NET Framework update.Given no arguments, returns a valid array with expected properties: [1703, x86]" time="0.0073" asserts="0" success="True" result="Success" executed="True" />
                  <test-case description="Given no arguments, returns a valid array with expected properties: [1703, x64]" name="Get-LatestNetFrameworkUpdate.Returns a valid cumulative .NET Framework update.Given no arguments, returns a valid array with expected properties: [1703, x64]" time="0.0069" asserts="0" success="True" result="Success" executed="True" />
                  <test-case description="Given no arguments, returns a valid array with expected properties: [1903, x86]" name="Get-LatestNetFrameworkUpdate.Returns a valid cumulative .NET Framework update.Given no arguments, returns a valid array with expected properties: [1903, x86]" time="0.0073" asserts="0" success="True" result="Success" executed="True" />
                  <test-case description="Given no arguments, returns a valid array with expected properties: [1903, x64]" name="Get-LatestNetFrameworkUpdate.Returns a valid cumulative .NET Framework update.Given no arguments, returns a valid array with expected properties: [1903, x64]" time="0.0071" asserts="0" success="True" result="Success" executed="True" />
                  <test-case description="Given no arguments, returns a valid array with expected properties: [1903, x64]" name="Get-LatestNetFrameworkUpdate.Returns a valid cumulative .NET Framework update.Given no arguments, returns a valid array with expected properties: [1903, x64]" time="0.007" asserts="0" success="True" result="Success" executed="True" />
                  <test-case description="Given no arguments, returns a valid array with expected properties: [1809, x86]" name="Get-LatestNetFrameworkUpdate.Returns a valid cumulative .NET Framework update.Given no arguments, returns a valid array with expected properties: [1809, x86]" time="0.0069" asserts="0" success="True" result="Success" executed="True" />
                  <test-case description="Given no arguments, returns a valid array with expected properties: [1809, x64]" name="Get-LatestNetFrameworkUpdate.Returns a valid cumulative .NET Framework update.Given no arguments, returns a valid array with expected properties: [1809, x64]" time="0.0066" asserts="0" success="True" result="Success" executed="True" />
                  <test-case description="Given no arguments, returns a valid array with expected properties: [2019, x64]" name="Get-LatestNetFrameworkUpdate.Returns a valid cumulative .NET Framework update.Given no arguments, returns a valid array with expected properties: [2019, x64]" time="0.0066" asserts="0" success="True" result="Success" executed="True" />
                  <test-case description="Given no arguments, returns a valid array with expected properties: [1803, x86]" name="Get-LatestNetFrameworkUpdate.Returns a valid cumulative .NET Framework update.Given no arguments, returns a valid array with expected properties: [1803, x86]" time="0.0097" asserts="0" success="True" result="Success" executed="True" />
                  <test-case description="Given no arguments, returns a valid array with expected properties: [1803, x64]" name="Get-LatestNetFrameworkUpdate.Returns a valid cumulative .NET Framework update.Given no arguments, returns a valid array with expected properties: [1803, x64]" time="0.008" asserts="0" success="True" result="Success" executed="True" />
                  <test-case description="Given no arguments, returns a valid array with expected properties: [1803, x64]" name="Get-LatestNetFrameworkUpdate.Returns a valid cumulative .NET Framework update.Given no arguments, returns a valid array with expected properties: [1803, x64]" time="0.0078" asserts="0" success="True" result="Success" executed="True" />
                  <test-case description="Given no arguments, returns a valid array with expected properties: [1809, x86]" name="Get-LatestNetFrameworkUpdate.Returns a valid cumulative .NET Framework update.Given no arguments, returns a valid array with expected properties: [1809, x86]" time="0.0118" asserts="0" success="True" result="Success" executed="True" />
                  <test-case description="Given no arguments, returns a valid array with expected properties: [1809, x64]" name="Get-LatestNetFrameworkUpdate.Returns a valid cumulative .NET Framework update.Given no arguments, returns a valid array with expected properties: [1809, x64]" time="0.0068" asserts="0" success="True" result="Success" executed="True" />
                  <test-case description="Given no arguments, returns a valid array with expected properties: [2019, x64]" name="Get-LatestNetFrameworkUpdate.Returns a valid cumulative .NET Framework update.Given no arguments, returns a valid array with expected properties: [2019, x64]" time="0.0077" asserts="0" success="True" result="Success" executed="True" />
                </results>
              </test-suite>
              <test-suite type="TestFixture" name="Returns expected results with .NET Framework updates array" executed="True" result="Success" success="True" time="0.1644" asserts="0" description="Returns expected results with .NET Framework updates array">
                <results>
                  <test-case description="Returns a cumulative update for .NET Framework: [1809, x86]" name="Get-LatestNetFrameworkUpdate.Returns expected results with .NET Framework updates array.Returns a cumulative update for .NET Framework: [1809, x86]" time="0.0028" asserts="0" success="True" result="Success" executed="True" />
                  <test-case description="Returns a cumulative update for .NET Framework: [1809, x64]" name="Get-LatestNetFrameworkUpdate.Returns expected results with .NET Framework updates array.Returns a cumulative update for .NET Framework: [1809, x64]" time="0.0021" asserts="0" success="True" result="Success" executed="True" />
                  <test-case description="Returns a cumulative update for .NET Framework: [2019, x64]" name="Get-LatestNetFrameworkUpdate.Returns expected results with .NET Framework updates array.Returns a cumulative update for .NET Framework: [2019, x64]" time="0.0023" asserts="0" success="True" result="Success" executed="True" />
[...]
                  <test-case description="Should match actual downloaded file and Get-LatestNetFrameworkUpdate output: [1607, x64]" name="Save-LatestUpdate.Download the latest .NET Framework updates.Should match actual downloaded file and Get-LatestNetFrameworkUpdate output: [1607, x64]" time="0.0027" asserts="0" success="True" result="Success" executed="True" />
                  <test-case description="Given updates returned from Get-LatestNetFrameworkUpdate, it successfully downloads the update: [2016, x64]" name="Save-LatestUpdate.Download the latest .NET Framework updates.Given updates returned from Get-LatestNetFrameworkUpdate, it successfully downloads the update: [2016, x64]" time="0.0025" asserts="0" success="True" result="Success" executed="True" />
                  <test-case description="Should match actual downloaded file and Get-LatestNetFrameworkUpdate output: [2016, x64]" name="Save-LatestUpdate.Download the latest .NET Framework updates.Should match actual downloaded file and Get-LatestNetFrameworkUpdate output: [2016, x64]" time="0.0025" asserts="0" success="True" result="Success" executed="True" />
                  <test-case description="Given updates returned from Get-LatestNetFrameworkUpdate, it successfully downloads the update: [1703, x86]" name="Save-LatestUpdate.Download the latest .NET Framework updates.Given updates returned from Get-LatestNetFrameworkUpdate, it successfully downloads the update: [1703, x86]" time="0.0024" asserts="0" success="True" result="Success" executed="True" />
                  <test-case description="Should match actual downloaded file and Get-LatestNetFrameworkUpdate output: [1703, x86]" name="Save-LatestUpdate.Download the latest .NET Framework updates.Should match actual downloaded file and Get-LatestNetFrameworkUpdate output: [1703, x86]" time="0.003" asserts="0" success="True" result="Success" executed="True" />
                  <test-case description="Given updates returned from Get-LatestNetFrameworkUpdate, it successfully downloads the update: [1703, x64]" name="Save-LatestUpdate.Download the latest .NET Framework updates.Given updates returned from Get-LatestNetFrameworkUpdate, it successfully downloads the update: [1703, x64]" time="0.0027" asserts="0" success="True" result="Success" executed="True" />
                  <test-case description="Should match actual downloaded file and Get-LatestNetFrameworkUpdate output: [1703, x64]" name="Save-LatestUpdate.Download the latest .NET Framework updates.Should match actual downloaded file and Get-LatestNetFrameworkUpdate output: [1703, x64]" time="0.0027" asserts="0" success="True" result="Success" executed="True" />
                  <test-case description="Given updates returned from Get-LatestNetFrameworkUpdate, it successfully downloads the update: [1903, x86]" name="Save-LatestUpdate.Download the latest .NET Framework updates.Given updates returned from Get-LatestNetFrameworkUpdate, it successfully downloads the update: [1903, x86]" time="0.0023" asserts="0" success="True" result="Success" executed="True" />
                  <test-case description="Should match actual downloaded file and Get-LatestNetFrameworkUpdate output: [1903, x86]" name="Save-LatestUpdate.Download the latest .NET Framework updates.Should match actual downloaded file and Get-LatestNetFrameworkUpdate output: [1903, x86]" time="0.0026" asserts="0" success="True" result="Success" executed="True" />
                  <test-case description="Given updates returned from Get-LatestNetFrameworkUpdate, it successfully downloads the update: [1903, x64]" name="Save-LatestUpdate.Download the latest .NET Framework updates.Given updates returned from Get-LatestNetFrameworkUpdate, it successfully downloads the update: [1903, x64]" time="0.0024" asserts="0" success="True" result="Success" executed="True" />
                  <test-case description="Should match actual downloaded file and Get-LatestNetFrameworkUpdate output: [1903, x64]" name="Save-LatestUpdate.Download the latest .NET Framework updates.Should match actual downloaded file and Get-LatestNetFrameworkUpdate output: [1903, x64]" time="0.0025" asserts="0" success="True" result="Success" executed="True" />
                  <test-case description="Given updates returned from Get-LatestNetFrameworkUpdate, it successfully downloads the update: [1903, x64]" name="Save-LatestUpdate.Download the latest .NET Framework updates.Given updates returned from Get-LatestNetFrameworkUpdate, it successfully downloads the update: [1903, x64]" time="0.0023" asserts="0" success="True" result="Success" executed="True" />
                  <test-case description="Should match actual downloaded file and Get-LatestNetFrameworkUpdate output: [1903, x64]" name="Save-LatestUpdate.Download the latest .NET Framework updates.Should match actual downloaded file and Get-LatestNetFrameworkUpdate output: [1903, x64]" time="0.0045" asserts="0" success="True" result="Success" executed="True" />
                  <test-case description="Given updates returned from Get-LatestNetFrameworkUpdate, it successfully downloads the update: [1809, x86]" name="Save-LatestUpdate.Download the latest .NET Framework updates.Given updates returned from Get-LatestNetFrameworkUpdate, it successfully downloads the update: [1809, x86]" time="0.0022" asserts="0" success="True" result="Success" executed="True" />
                  <test-case description="Should match actual downloaded file and Get-LatestNetFrameworkUpdate output: [1809, x86]" name="Save-LatestUpdate.Download the latest .NET Framework updates.Should match actual downloaded file and Get-LatestNetFrameworkUpdate output: [1809, x86]" time="0.0025" asserts="0" success="True" result="Success" executed="True" />
                  <test-case description="Given updates returned from Get-LatestNetFrameworkUpdate, it successfully downloads the update: [1809, x64]" name="Save-LatestUpdate.Download the latest .NET Framework updates.Given updates returned from Get-LatestNetFrameworkUpdate, it successfully downloads the update: [1809, x64]" time="0.0024" asserts="0" success="True" result="Success" executed="True" />
                  <test-case description="Should match actual downloaded file and Get-LatestNetFrameworkUpdate output: [1809, x64]" name="Save-LatestUpdate.Download the latest .NET Framework updates.Should match actual downloaded file and Get-LatestNetFrameworkUpdate output: [1809, x64]" time="0.0029" asserts="0" success="True" result="Success" executed="True" />
                  <test-case description="Given updates returned from Get-LatestNetFrameworkUpdate, it successfully downloads the update: [2019, x64]" name="Save-LatestUpdate.Download the latest .NET Framework updates.Given updates returned from Get-LatestNetFrameworkUpdate, it successfully downloads the update: [2019, x64]" time="0.0028" asserts="0" success="True" result="Success" executed="True" />
                  <test-case description="Should match actual downloaded file and Get-LatestNetFrameworkUpdate output: [2019, x64]" name="Save-LatestUpdate.Download the latest .NET Framework updates.Should match actual downloaded file and Get-LatestNetFrameworkUpdate output: [2019, x64]" time="0.0031" asserts="0" success="True" result="Success" executed="True" />
                  <test-case description="Given updates returned from Get-LatestNetFrameworkUpdate, it successfully downloads the update: [1803, x86]" name="Save-LatestUpdate.Download the latest .NET Framework updates.Given updates returned from Get-LatestNetFrameworkUpdate, it successfully downloads the update: [1803, x86]" time="0.0026" asserts="0" success="True" result="Success" executed="True" />
                  <test-case description="Should match actual downloaded file and Get-LatestNetFrameworkUpdate output: [1803, x86]" name="Save-LatestUpdate.Download the latest .NET Framework updates.Should match actual downloaded file and Get-LatestNetFrameworkUpdate output: [1803, x86]" time="0.0026" asserts="0" success="True" result="Success" executed="True" />
                  <test-case description="Given updates returned from Get-LatestNetFrameworkUpdate, it successfully downloads the update: [1803, x64]" name="Save-LatestUpdate.Download the latest .NET Framework updates.Given updates returned from Get-LatestNetFrameworkUpdate, it successfully downloads the update: [1803, x64]" time="0.0031" asserts="0" success="True" result="Success" executed="True" />
                  <test-case description="Should match actual downloaded file and Get-LatestNetFrameworkUpdate output: [1803, x64]" name="Save-LatestUpdate.Download the latest .NET Framework updates.Should match actual downloaded file and Get-LatestNetFrameworkUpdate output: [1803, x64]" time="0.0028" asserts="0" success="True" result="Success" executed="True" />
                  <test-case description="Given updates returned from Get-LatestNetFrameworkUpdate, it successfully downloads the update: [1803, x64]" name="Save-LatestUpdate.Download the latest .NET Framework updates.Given updates returned from Get-LatestNetFrameworkUpdate, it successfully downloads the update: [1803, x64]" time="0.0024" asserts="0" success="True" result="Success" executed="True" />
                  <test-case description="Should match actual downloaded file and Get-LatestNetFrameworkUpdate output: [1803, x64]" name="Save-LatestUpdate.Download the latest .NET Framework updates.Should match actual downloaded file and Get-LatestNetFrameworkUpdate output: [1803, x64]" time="0.0035" asserts="0" success="True" result="Success" executed="True" />
                  <test-case description="Given updates returned from Get-LatestNetFrameworkUpdate, it successfully downloads the update: [1809, x86]" name="Save-LatestUpdate.Download the latest .NET Framework updates.Given updates returned from Get-LatestNetFrameworkUpdate, it successfully downloads the update: [1809, x86]" time="0.0024" asserts="0" success="True" result="Success" executed="True" />
                  <test-case description="Should match actual downloaded file and Get-LatestNetFrameworkUpdate output: [1809, x86]" name="Save-LatestUpdate.Download the latest .NET Framework updates.Should match actual downloaded file and Get-LatestNetFrameworkUpdate output: [1809, x86]" time="0.0031" asserts="0" success="True" result="Success" executed="True" />
                  <test-case description="Given updates returned from Get-LatestNetFrameworkUpdate, it successfully downloads the update: [1809, x86]" name="Save-LatestUpdate.Download the latest .NET Framework updates.Given updates returned from Get-LatestNetFrameworkUpdate, it successfully downloads the update: [1809, x86]" time="0.0023" asserts="0" success="True" result="Success" executed="True" />
                  <test-case description="Should match actual downloaded file and Get-LatestNetFrameworkUpdate output: [1809, x86]" name="Save-LatestUpdate.Download the latest .NET Framework updates.Should match actual downloaded file and Get-LatestNetFrameworkUpdate output: [1809, x86]" time="0.0024" asserts="0" success="True" result="Success" executed="True" />
                  <test-case description="Given updates returned from Get-LatestNetFrameworkUpdate, it successfully downloads the update: [1809, x64]" name="Save-LatestUpdate.Download the latest .NET Framework updates.Given updates returned from Get-LatestNetFrameworkUpdate, it successfully downloads the update: [1809, x64]" time="0.0036" asserts="0" success="True" result="Success" executed="True" />
                  <test-case description="Should match actual downloaded file and Get-LatestNetFrameworkUpdate output: [1809, x64]" name="Save-LatestUpdate.Download the latest .NET Framework updates.Should match actual downloaded file and Get-LatestNetFrameworkUpdate output: [1809, x64]" time="0.0026" asserts="0" success="True" result="Success" executed="True" />
                  <test-case description="Given updates returned from Get-LatestNetFrameworkUpdate, it successfully downloads the update: [1809, x64]" name="Save-LatestUpdate.Download the latest .NET Framework updates.Given updates returned from Get-LatestNetFrameworkUpdate, it successfully downloads the update: [1809, x64]" time="0.0024" asserts="0" success="True" result="Success" executed="True" />
                  <test-case description="Should match actual downloaded file and Get-LatestNetFrameworkUpdate output: [1809, x64]" name="Save-LatestUpdate.Download the latest .NET Framework updates.Should match actual downloaded file and Get-LatestNetFrameworkUpdate output: [1809, x64]" time="0.0028" asserts="0" success="True" result="Success" executed="True" />
                  <test-case description="Given updates returned from Get-LatestNetFrameworkUpdate, it successfully downloads the update: [2019, x64]" name="Save-LatestUpdate.Download the latest .NET Framework updates.Given updates returned from Get-LatestNetFrameworkUpdate, it successfully downloads the update: [2019, x64]" time="0.0023" asserts="0" success="True" result="Success" executed="True" />
                  <test-case description="Should match actual downloaded file and Get-LatestNetFrameworkUpdate output: [2019, x64]" name="Save-LatestUpdate.Download the latest .NET Framework updates.Should match actual downloaded file and Get-LatestNetFrameworkUpdate output: [2019, x64]" time="0.0025" asserts="0" success="True" result="Success" executed="True" />
                  <test-case description="Given updates returned from Get-LatestNetFrameworkUpdate, it successfully downloads the update: [2019, x64]" name="Save-LatestUpdate.Download the latest .NET Framework updates.Given updates returned from Get-LatestNetFrameworkUpdate, it successfully downloads the update: [2019, x64]" time="0.003" asserts="0" success="True" result="Success" executed="True" />
                  <test-case description="Should match actual downloaded file and Get-LatestNetFrameworkUpdate output: [2019, x64]" name="Save-LatestUpdate.Download the latest .NET Framework updates.Should match actual downloaded file and Get-LatestNetFrameworkUpdate output: [2019, x64]" time="0.0026" asserts="0" success="True" result="Success" executed="True" />
                </results>
              </test-suite>
              <test-suite type="TestFixture" name="Download the latest Windows 8.1 Monthly Rollup updates" executed="True" result="Success" success="True" time="6.6963" asserts="0" description="Download the latest Windows 8.1 Monthly Rollup updates">
                <results>
                  <test-case description="Given updates returned from Get-LatestMonthlyRollup, it successfully downloads the update: [8.1, x64]" name="Save-LatestUpdate.Download the latest Windows 8.1 Monthly Rollup updates.Given updates returned from Get-LatestMonthlyRollup, it successfully downloads the update: [8.1, x64]" time="0.0032" asserts="0" success="True" result="Success" executed="True" />
                  <test-case description="Should match actual downloaded file and Get-LatestMonthlyRollup output: [8.1, x64]" name="Save-LatestUpdate.Download the latest Windows 8.1 Monthly Rollup updates.Should match actual downloaded file and Get-LatestMonthlyRollup output: [8.1, x64]" time="0.0032" asserts="0" success="True" result="Success" executed="True" />
                  <test-case description="Given updates returned from Get-LatestMonthlyRollup, it successfully downloads the update: [8.1, x86]" name="Save-LatestUpdate.Download the latest Windows 8.1 Monthly Rollup updates.Given updates returned from Get-LatestMonthlyRollup, it successfully downloads the update: [8.1, x86]" time="0.0032" asserts="0" success="True" result="Success" executed="True" />
                  <test-case description="Should match actual downloaded file and Get-LatestMonthlyRollup output: [8.1, x86]" name="Save-LatestUpdate.Download the latest Windows 8.1 Monthly Rollup updates.Should match actual downloaded file and Get-LatestMonthlyRollup output: [8.1, x86]" time="0.0029" asserts="0" success="True" result="Success" executed="True" />
                  <test-case description="Given updates returned from Get-LatestMonthlyRollup, it successfully downloads the update: [2012, x64]" name="Save-LatestUpdate.Download the latest Windows 8.1 Monthly Rollup updates.Given updates returned from Get-LatestMonthlyRollup, it successfully downloads the update: [2012, x64]" time="0.0027" asserts="0" success="True" result="Success" executed="True" />
                  <test-case description="Should match actual downloaded file and Get-LatestMonthlyRollup output: [2012, x64]" name="Save-LatestUpdate.Download the latest Windows 8.1 Monthly Rollup updates.Should match actual downloaded file and Get-LatestMonthlyRollup output: [2012, x64]" time="0.0032" asserts="0" success="True" result="Success" executed="True" />
                </results>
              </test-suite>
              <test-suite type="TestFixture" name="Download the latest Windows 7 Monthly Rollup updates" executed="True" result="Success" success="True" time="7.5916" asserts="0" description="Download the latest Windows 7 Monthly Rollup updates">
                <results>
                  <test-case description="Given updates returned from Get-LatestMonthlyRollup, it successfully downloads the update: [7, x64]" name="Save-LatestUpdate.Download the latest Windows 7 Monthly Rollup updates.Given updates returned from Get-LatestMonthlyRollup, it successfully downloads the update: [7, x64]" time="0.003" asserts="0" success="True" result="Success" executed="True" />
                  <test-case description="Should match actual downloaded file and Get-LatestMonthlyRollup output: [7, x64]" name="Save-LatestUpdate.Download the latest Windows 7 Monthly Rollup updates.Should match actual downloaded file and Get-LatestMonthlyRollup output: [7, x64]" time="0.0032" asserts="0" success="True" result="Success" executed="True" />
                  <test-case description="Given updates returned from Get-LatestMonthlyRollup, it successfully downloads the update: [7, x86]" name="Save-LatestUpdate.Download the latest Windows 7 Monthly Rollup updates.Given updates returned from Get-LatestMonthlyRollup, it successfully downloads the update: [7, x86]" time="0.0025" asserts="0" success="True" result="Success" executed="True" />
                  <test-case description="Should match actual downloaded file and Get-LatestMonthlyRollup output: [7, x86]" name="Save-LatestUpdate.Download the latest Windows 7 Monthly Rollup updates.Should match actual downloaded file and Get-LatestMonthlyRollup output: [7, x86]" time="0.0028" asserts="0" success="True" result="Success" executed="True" />
                  <test-case description="Given updates returned from Get-LatestMonthlyRollup, it successfully downloads the update: [2008, x64]" name="Save-LatestUpdate.Download the latest Windows 7 Monthly Rollup updates.Given updates returned from Get-LatestMonthlyRollup, it successfully downloads the update: [2008, x64]" time="0.0025" asserts="0" success="True" result="Success" executed="True" />
                  <test-case description="Should match actual downloaded file and Get-LatestMonthlyRollup output: [2008, x64]" name="Save-LatestUpdate.Download the latest Windows 7 Monthly Rollup updates.Should match actual downloaded file and Get-LatestMonthlyRollup output: [2008, x64]" time="0.003" asserts="0" success="True" result="Success" executed="True" />
                </results>
              </test-suite>
            </results>
          </test-suite>
        </results>
      </test-suite>
    </results>
  </test-suite>
</test-results>